Starting script at Sun 15 Oct 19:30:10 EDT 2017
Selected interface 'p2p-dev-wlan0'
OK
doing infinite loops
1 is 1 and my script is working up to this point 99999
ITERATION 1
Sun 15 Oct 19:30:30 EDT 2017
END ITERATION 1
ITERATION 2
Sun 15 Oct 19:32:45 EDT 2017
END ITERATION 2
ITERATION 3
Sun 15 Oct 19:32:50 EDT 2017
END ITERATION 3
ITERATION 4
Sun 15 Oct 19:32:55 EDT 2017
END ITERATION 4
ITERATION 5
Sun 15 Oct 19:33:01 EDT 2017
END ITERATION 5
ITERATION 6
Sun 15 Oct 19:33:06 EDT 2017
END ITERATION 6
ITERATION 7
Sun 15 Oct 19:33:11 EDT 2017
END ITERATION 7
ITERATION 8
Sun 15 Oct 19:33:16 EDT 2017
END ITERATION 8
ITERATION 9
Sun 15 Oct 19:33:21 EDT 2017
END ITERATION 9
ITERATION 10
Sun 15 Oct 19:33:26 EDT 2017
END ITERATION 10
ITERATION 11
Sun 15 Oct 19:33:31 EDT 2017
END ITERATION 11
ITERATION 12
Sun 15 Oct 19:33:36 EDT 2017
END ITERATION 12
ITERATION 13
Sun 15 Oct 19:33:41 EDT 2017
END ITERATION 13
ITERATION 14
Sun 15 Oct 19:33:46 EDT 2017
END ITERATION 14
ITERATION 15
Sun 15 Oct 19:33:51 EDT 2017
END ITERATION 15
ITERATION 16
Sun 15 Oct 19:33:56 EDT 2017
END ITERATION 16
ITERATION 17
Sun 15 Oct 19:34:01 EDT 2017
END ITERATION 17
ITERATION 18
Sun 15 Oct 19:34:06 EDT 2017
END ITERATION 18
ITERATION 19
Sun 15 Oct 19:34:11 EDT 2017
END ITERATION 19
ITERATION 20
Sun 15 Oct 19:34:16 EDT 2017
END ITERATION 20
ITERATION 21
Sun 15 Oct 19:34:21 EDT 2017
END ITERATION 21
ITERATION 22
Sun 15 Oct 19:34:26 EDT 2017
END ITERATION 22
ITERATION 23
Sun 15 Oct 19:34:31 EDT 2017
END ITERATION 23
ITERATION 24
Sun 15 Oct 19:34:36 EDT 2017
END ITERATION 24
ITERATION 25
Sun 15 Oct 19:34:41 EDT 2017
END ITERATION 25
ITERATION 26
Sun 15 Oct 19:34:46 EDT 2017
END ITERATION 26
ITERATION 27
Sun 15 Oct 19:34:51 EDT 2017
END ITERATION 27
ITERATION 28
Sun 15 Oct 19:34:56 EDT 2017
END ITERATION 28
ITERATION 29
Sun 15 Oct 19:35:01 EDT 2017
END ITERATION 29
ITERATION 30
Sun 15 Oct 19:35:06 EDT 2017
END ITERATION 30
ITERATION 31
Sun 15 Oct 19:35:11 EDT 2017
END ITERATION 31
ITERATION 32
Sun 15 Oct 19:35:16 EDT 2017
END ITERATION 32
ITERATION 33
Sun 15 Oct 19:35:21 EDT 2017
END ITERATION 33
ITERATION 34
Sun 15 Oct 19:35:26 EDT 2017
d4:a0:2a:4b:95:13	2412	-69	[WPA2-EAP-CCMP][ESS]	Dukeblue
d4:a0:2a:4b:95:11	2412	-70	[WPA2-EAP-CCMP][ESS]	eduroam
54:a2:74:0a:10:81	2437	-71	[WPA2-EAP-CCMP][ESS]	eduroam
54:a2:74:0a:10:83	2437	-71	[WPA2-EAP-CCMP][ESS]	Dukeblue
d4:a0:2a:48:44:c1	2412	-78	[WPA2-EAP-CCMP][ESS]	eduroam
d4:a0:2a:48:44:c3	2412	-78	[WPA2-EAP-CCMP][ESS]	Dukeblue
c4:0a:cb:a4:c7:31	2437	-83	[WPA2-EAP-CCMP][ESS]	eduroam
c4:0a:cb:24:44:71	2437	-83	[WPA2-EAP-CCMP][ESS]	eduroam
c4:0a:cb:24:44:73	2437	-83	[WPA2-EAP-CCMP][ESS]	Dukeblue
42:49:0f:21:36:b2	2437	-84	[WPA2-PSK-CCMP][WPS][ESS][P2P]	DIRECT-b2-HP M452 LaserJet
c4:0a:cb:a4:c7:33	2437	-86	[WPA2-EAP-CCMP][ESS]	Dukeblue
14:cc:20:53:d0:30	2452	-86	[WPA2-PSK-CCMP][WPS][ESS]	BLDS
f4:f2:6d:6f:d3:7b	2412	-87	[WPA-PSK-CCMP][WPA2-PSK-CCMP][WPS][ESS]	TP-LINK_D37B
00:42:68:c1:82:01	2437	-88	[WPA2-EAP-CCMP][ESS]	eduroam
ac:9e:17:64:c0:5c	2412	-91	[WPA-PSK-CCMP][WPA2-PSK-CCMP][ESS]	TheClacks2.4
d0:bf:9c:38:cf:4c	2412	-40	[ESS]	HP-Print-4C-ENVY 5530 series
9c:d2:1e:54:b2:73	2437	-70	[ESS]	HP-Print-73-Color LaserJet MFP
d4:a0:2a:4b:95:12	2412	-72	[ESS]	DukeVisitor
54:a2:74:0a:10:82	2437	-72	[ESS]	DukeVisitor
d4:a0:2a:4b:95:10	2412	-73	[ESS]	DukeOpen
d4:a0:2a:48:44:c0	2412	-77	[ESS]	DukeOpen
d4:a0:2a:48:44:c2	2412	-77	[ESS]	DukeVisitor
54:a2:74:0a:10:80	2437	-78	[ESS]	DukeOpen
d8:5d:e2:70:2c:ab	2437	-81	[ESS]	NB128
c4:0a:cb:a4:c7:32	2437	-83	[ESS]	DukeVisitor
c4:0a:cb:24:44:72	2437	-83	[ESS]	DukeVisitor
END ITERATION 34
ITERATION 35
Sun 15 Oct 19:35:31 EDT 2017
d4:a0:2a:4b:95:13	2412	-69	[WPA2-EAP-CCMP][ESS]	Dukeblue
d4:a0:2a:4b:95:11	2412	-70	[WPA2-EAP-CCMP][ESS]	eduroam
54:a2:74:0a:10:81	2437	-71	[WPA2-EAP-CCMP][ESS]	eduroam
54:a2:74:0a:10:83	2437	-71	[WPA2-EAP-CCMP][ESS]	Dukeblue
d4:a0:2a:48:44:c1	2412	-78	[WPA2-EAP-CCMP][ESS]	eduroam
d4:a0:2a:48:44:c3	2412	-78	[WPA2-EAP-CCMP][ESS]	Dukeblue
c4:0a:cb:a4:c7:31	2437	-83	[WPA2-EAP-CCMP][ESS]	eduroam
c4:0a:cb:24:44:71	2437	-83	[WPA2-EAP-CCMP][ESS]	eduroam
c4:0a:cb:24:44:73	2437	-83	[WPA2-EAP-CCMP][ESS]	Dukeblue
42:49:0f:21:36:b2	2437	-84	[WPA2-PSK-CCMP][WPS][ESS][P2P]	DIRECT-b2-HP M452 LaserJet
c4:0a:cb:a4:c7:33	2437	-86	[WPA2-EAP-CCMP][ESS]	Dukeblue
14:cc:20:53:d0:30	2452	-86	[WPA2-PSK-CCMP][WPS][ESS]	BLDS
f4:f2:6d:6f:d3:7b	2412	-87	[WPA-PSK-CCMP][WPA2-PSK-CCMP][WPS][ESS]	TP-LINK_D37B
00:42:68:c1:82:01	2437	-88	[WPA2-EAP-CCMP][ESS]	eduroam
ac:9e:17:64:c0:5c	2412	-91	[WPA-PSK-CCMP][WPA2-PSK-CCMP][ESS]	TheClacks2.4
d0:bf:9c:38:cf:4c	2412	-40	[ESS]	HP-Print-4C-ENVY 5530 series
9c:d2:1e:54:b2:73	2437	-70	[ESS]	HP-Print-73-Color LaserJet MFP
d4:a0:2a:4b:95:12	2412	-72	[ESS]	DukeVisitor
54:a2:74:0a:10:82	2437	-72	[ESS]	DukeVisitor
d4:a0:2a:4b:95:10	2412	-73	[ESS]	DukeOpen
d4:a0:2a:48:44:c0	2412	-77	[ESS]	DukeOpen
d4:a0:2a:48:44:c2	2412	-77	[ESS]	DukeVisitor
54:a2:74:0a:10:80	2437	-78	[ESS]	DukeOpen
d8:5d:e2:70:2c:ab	2437	-81	[ESS]	NB128
c4:0a:cb:a4:c7:32	2437	-83	[ESS]	DukeVisitor
c4:0a:cb:24:44:72	2437	-83	[ESS]	DukeVisitor
END ITERATION 35
ITERATION 36
Sun 15 Oct 19:35:36 EDT 2017
d4:a0:2a:4b:95:13	2412	-69	[WPA2-EAP-CCMP][ESS]	Dukeblue
d4:a0:2a:4b:95:11	2412	-70	[WPA2-EAP-CCMP][ESS]	eduroam
54:a2:74:0a:10:81	2437	-71	[WPA2-EAP-CCMP][ESS]	eduroam
54:a2:74:0a:10:83	2437	-71	[WPA2-EAP-CCMP][ESS]	Dukeblue
d4:a0:2a:48:44:c1	2412	-78	[WPA2-EAP-CCMP][ESS]	eduroam
d4:a0:2a:48:44:c3	2412	-78	[WPA2-EAP-CCMP][ESS]	Dukeblue
c4:0a:cb:a4:c7:31	2437	-83	[WPA2-EAP-CCMP][ESS]	eduroam
c4:0a:cb:24:44:71	2437	-83	[WPA2-EAP-CCMP][ESS]	eduroam
c4:0a:cb:24:44:73	2437	-83	[WPA2-EAP-CCMP][ESS]	Dukeblue
42:49:0f:21:36:b2	2437	-84	[WPA2-PSK-CCMP][WPS][ESS][P2P]	DIRECT-b2-HP M452 LaserJet
c4:0a:cb:a4:c7:33	2437	-86	[WPA2-EAP-CCMP][ESS]	Dukeblue
14:cc:20:53:d0:30	2452	-86	[WPA2-PSK-CCMP][WPS][ESS]	BLDS
f4:f2:6d:6f:d3:7b	2412	-87	[WPA-PSK-CCMP][WPA2-PSK-CCMP][WPS][ESS]	TP-LINK_D37B
00:42:68:c1:82:01	2437	-88	[WPA2-EAP-CCMP][ESS]	eduroam
ac:9e:17:64:c0:5c	2412	-91	[WPA-PSK-CCMP][WPA2-PSK-CCMP][ESS]	TheClacks2.4
d0:bf:9c:38:cf:4c	2412	-40	[ESS]	HP-Print-4C-ENVY 5530 series
9c:d2:1e:54:b2:73	2437	-70	[ESS]	HP-Print-73-Color LaserJet MFP
d4:a0:2a:4b:95:12	2412	-72	[ESS]	DukeVisitor
54:a2:74:0a:10:82	2437	-72	[ESS]	DukeVisitor
d4:a0:2a:4b:95:10	2412	-73	[ESS]	DukeOpen
d4:a0:2a:48:44:c0	2412	-77	[ESS]	DukeOpen
d4:a0:2a:48:44:c2	2412	-77	[ESS]	DukeVisitor
54:a2:74:0a:10:80	2437	-78	[ESS]	DukeOpen
d8:5d:e2:70:2c:ab	2437	-81	[ESS]	NB128
c4:0a:cb:a4:c7:32	2437	-83	[ESS]	DukeVisitor
c4:0a:cb:24:44:72	2437	-83	[ESS]	DukeVisitor
END ITERATION 36
ITERATION 37
Sun 15 Oct 19:35:41 EDT 2017
d4:a0:2a:4b:95:13	2412	-69	[WPA2-EAP-CCMP][ESS]	Dukeblue
d4:a0:2a:4b:95:11	2412	-70	[WPA2-EAP-CCMP][ESS]	eduroam
54:a2:74:0a:10:81	2437	-71	[WPA2-EAP-CCMP][ESS]	eduroam
54:a2:74:0a:10:83	2437	-71	[WPA2-EAP-CCMP][ESS]	Dukeblue
d4:a0:2a:48:44:c1	2412	-78	[WPA2-EAP-CCMP][ESS]	eduroam
d4:a0:2a:48:44:c3	2412	-78	[WPA2-EAP-CCMP][ESS]	Dukeblue
c4:0a:cb:a4:c7:31	2437	-83	[WPA2-EAP-CCMP][ESS]	eduroam
c4:0a:cb:24:44:71	2437	-83	[WPA2-EAP-CCMP][ESS]	eduroam
c4:0a:cb:24:44:73	2437	-83	[WPA2-EAP-CCMP][ESS]	Dukeblue
42:49:0f:21:36:b2	2437	-84	[WPA2-PSK-CCMP][WPS][ESS][P2P]	DIRECT-b2-HP M452 LaserJet
c4:0a:cb:a4:c7:33	2437	-86	[WPA2-EAP-CCMP][ESS]	Dukeblue
14:cc:20:53:d0:30	2452	-86	[WPA2-PSK-CCMP][WPS][ESS]	BLDS
f4:f2:6d:6f:d3:7b	2412	-87	[WPA-PSK-CCMP][WPA2-PSK-CCMP][WPS][ESS]	TP-LINK_D37B
00:42:68:c1:82:01	2437	-88	[WPA2-EAP-CCMP][ESS]	eduroam
ac:9e:17:64:c0:5c	2412	-91	[WPA-PSK-CCMP][WPA2-PSK-CCMP][ESS]	TheClacks2.4
d0:bf:9c:38:cf:4c	2412	-40	[ESS]	HP-Print-4C-ENVY 5530 series
9c:d2:1e:54:b2:73	2437	-70	[ESS]	HP-Print-73-Color LaserJet MFP
d4:a0:2a:4b:95:12	2412	-72	[ESS]	DukeVisitor
54:a2:74:0a:10:82	2437	-72	[ESS]	DukeVisitor
d4:a0:2a:4b:95:10	2412	-73	[ESS]	DukeOpen
d4:a0:2a:48:44:c0	2412	-77	[ESS]	DukeOpen
d4:a0:2a:48:44:c2	2412	-77	[ESS]	DukeVisitor
54:a2:74:0a:10:80	2437	-78	[ESS]	DukeOpen
d8:5d:e2:70:2c:ab	2437	-81	[ESS]	NB128
c4:0a:cb:a4:c7:32	2437	-83	[ESS]	DukeVisitor
c4:0a:cb:24:44:72	2437	-83	[ESS]	DukeVisitor
END ITERATION 37
ITERATION 38
Sun 15 Oct 19:35:46 EDT 2017
d4:a0:2a:4b:95:13	2412	-69	[WPA2-EAP-CCMP][ESS]	Dukeblue
d4:a0:2a:4b:95:11	2412	-70	[WPA2-EAP-CCMP][ESS]	eduroam
54:a2:74:0a:10:81	2437	-71	[WPA2-EAP-CCMP][ESS]	eduroam
54:a2:74:0a:10:83	2437	-71	[WPA2-EAP-CCMP][ESS]	Dukeblue
d4:a0:2a:48:44:c1	2412	-78	[WPA2-EAP-CCMP][ESS]	eduroam
d4:a0:2a:48:44:c3	2412	-78	[WPA2-EAP-CCMP][ESS]	Dukeblue
c4:0a:cb:a4:c7:31	2437	-83	[WPA2-EAP-CCMP][ESS]	eduroam
c4:0a:cb:24:44:71	2437	-83	[WPA2-EAP-CCMP][ESS]	eduroam
c4:0a:cb:24:44:73	2437	-83	[WPA2-EAP-CCMP][ESS]	Dukeblue
42:49:0f:21:36:b2	2437	-84	[WPA2-PSK-CCMP][WPS][ESS][P2P]	DIRECT-b2-HP M452 LaserJet
c4:0a:cb:a4:c7:33	2437	-86	[WPA2-EAP-CCMP][ESS]	Dukeblue
14:cc:20:53:d0:30	2452	-86	[WPA2-PSK-CCMP][WPS][ESS]	BLDS
f4:f2:6d:6f:d3:7b	2412	-87	[WPA-PSK-CCMP][WPA2-PSK-CCMP][WPS][ESS]	TP-LINK_D37B
00:42:68:c1:82:01	2437	-88	[WPA2-EAP-CCMP][ESS]	eduroam
ac:9e:17:64:c0:5c	2412	-91	[WPA-PSK-CCMP][WPA2-PSK-CCMP][ESS]	TheClacks2.4
d0:bf:9c:38:cf:4c	2412	-40	[ESS]	HP-Print-4C-ENVY 5530 series
9c:d2:1e:54:b2:73	2437	-70	[ESS]	HP-Print-73-Color LaserJet MFP
d4:a0:2a:4b:95:12	2412	-72	[ESS]	DukeVisitor
54:a2:74:0a:10:82	2437	-72	[ESS]	DukeVisitor
d4:a0:2a:4b:95:10	2412	-73	[ESS]	DukeOpen
d4:a0:2a:48:44:c0	2412	-77	[ESS]	DukeOpen
d4:a0:2a:48:44:c2	2412	-77	[ESS]	DukeVisitor
54:a2:74:0a:10:80	2437	-78	[ESS]	DukeOpen
d8:5d:e2:70:2c:ab	2437	-81	[ESS]	NB128
c4:0a:cb:a4:c7:32	2437	-83	[ESS]	DukeVisitor
c4:0a:cb:24:44:72	2437	-83	[ESS]	DukeVisitor
END ITERATION 38
ITERATION 39
Sun 15 Oct 19:35:51 EDT 2017
d4:a0:2a:4b:95:13	2412	-69	[WPA2-EAP-CCMP][ESS]	Dukeblue
d4:a0:2a:4b:95:11	2412	-70	[WPA2-EAP-CCMP][ESS]	eduroam
54:a2:74:0a:10:81	2437	-71	[WPA2-EAP-CCMP][ESS]	eduroam
54:a2:74:0a:10:83	2437	-71	[WPA2-EAP-CCMP][ESS]	Dukeblue
d4:a0:2a:48:44:c1	2412	-78	[WPA2-EAP-CCMP][ESS]	eduroam
d4:a0:2a:48:44:c3	2412	-78	[WPA2-EAP-CCMP][ESS]	Dukeblue
c4:0a:cb:a4:c7:31	2437	-83	[WPA2-EAP-CCMP][ESS]	eduroam
c4:0a:cb:24:44:71	2437	-83	[WPA2-EAP-CCMP][ESS]	eduroam
c4:0a:cb:24:44:73	2437	-83	[WPA2-EAP-CCMP][ESS]	Dukeblue
42:49:0f:21:36:b2	2437	-84	[WPA2-PSK-CCMP][WPS][ESS][P2P]	DIRECT-b2-HP M452 LaserJet
c4:0a:cb:a4:c7:33	2437	-86	[WPA2-EAP-CCMP][ESS]	Dukeblue
14:cc:20:53:d0:30	2452	-86	[WPA2-PSK-CCMP][WPS][ESS]	BLDS
f4:f2:6d:6f:d3:7b	2412	-87	[WPA-PSK-CCMP][WPA2-PSK-CCMP][WPS][ESS]	TP-LINK_D37B
00:42:68:c1:82:01	2437	-88	[WPA2-EAP-CCMP][ESS]	eduroam
ac:9e:17:64:c0:5c	2412	-91	[WPA-PSK-CCMP][WPA2-PSK-CCMP][ESS]	TheClacks2.4
d0:bf:9c:38:cf:4c	2412	-40	[ESS]	HP-Print-4C-ENVY 5530 series
9c:d2:1e:54:b2:73	2437	-70	[ESS]	HP-Print-73-Color LaserJet MFP
d4:a0:2a:4b:95:12	2412	-72	[ESS]	DukeVisitor
54:a2:74:0a:10:82	2437	-72	[ESS]	DukeVisitor
d4:a0:2a:4b:95:10	2412	-73	[ESS]	DukeOpen
d4:a0:2a:48:44:c0	2412	-77	[ESS]	DukeOpen
d4:a0:2a:48:44:c2	2412	-77	[ESS]	DukeVisitor
54:a2:74:0a:10:80	2437	-78	[ESS]	DukeOpen
d8:5d:e2:70:2c:ab	2437	-81	[ESS]	NB128
c4:0a:cb:a4:c7:32	2437	-83	[ESS]	DukeVisitor
c4:0a:cb:24:44:72	2437	-83	[ESS]	DukeVisitor
END ITERATION 39
ITERATION 40
Sun 15 Oct 19:35:56 EDT 2017
d4:a0:2a:4b:95:13	2412	-69	[WPA2-EAP-CCMP][ESS]	Dukeblue
d4:a0:2a:4b:95:11	2412	-70	[WPA2-EAP-CCMP][ESS]	eduroam
54:a2:74:0a:10:81	2437	-71	[WPA2-EAP-CCMP][ESS]	eduroam
54:a2:74:0a:10:83	2437	-71	[WPA2-EAP-CCMP][ESS]	Dukeblue
d4:a0:2a:48:44:c1	2412	-78	[WPA2-EAP-CCMP][ESS]	eduroam
d4:a0:2a:48:44:c3	2412	-78	[WPA2-EAP-CCMP][ESS]	Dukeblue
c4:0a:cb:a4:c7:31	2437	-83	[WPA2-EAP-CCMP][ESS]	eduroam
c4:0a:cb:24:44:71	2437	-83	[WPA2-EAP-CCMP][ESS]	eduroam
c4:0a:cb:24:44:73	2437	-83	[WPA2-EAP-CCMP][ESS]	Dukeblue
42:49:0f:21:36:b2	2437	-84	[WPA2-PSK-CCMP][WPS][ESS][P2P]	DIRECT-b2-HP M452 LaserJet
c4:0a:cb:a4:c7:33	2437	-86	[WPA2-EAP-CCMP][ESS]	Dukeblue
14:cc:20:53:d0:30	2452	-86	[WPA2-PSK-CCMP][WPS][ESS]	BLDS
f4:f2:6d:6f:d3:7b	2412	-87	[WPA-PSK-CCMP][WPA2-PSK-CCMP][WPS][ESS]	TP-LINK_D37B
00:42:68:c1:82:01	2437	-88	[WPA2-EAP-CCMP][ESS]	eduroam
ac:9e:17:64:c0:5c	2412	-91	[WPA-PSK-CCMP][WPA2-PSK-CCMP][ESS]	TheClacks2.4
d0:bf:9c:38:cf:4c	2412	-40	[ESS]	HP-Print-4C-ENVY 5530 series
9c:d2:1e:54:b2:73	2437	-70	[ESS]	HP-Print-73-Color LaserJet MFP
d4:a0:2a:4b:95:12	2412	-72	[ESS]	DukeVisitor
54:a2:74:0a:10:82	2437	-72	[ESS]	DukeVisitor
d4:a0:2a:4b:95:10	2412	-73	[ESS]	DukeOpen
d4:a0:2a:48:44:c0	2412	-77	[ESS]	DukeOpen
d4:a0:2a:48:44:c2	2412	-77	[ESS]	DukeVisitor
54:a2:74:0a:10:80	2437	-78	[ESS]	DukeOpen
d8:5d:e2:70:2c:ab	2437	-81	[ESS]	NB128
c4:0a:cb:a4:c7:32	2437	-83	[ESS]	DukeVisitor
c4:0a:cb:24:44:72	2437	-83	[ESS]	DukeVisitor
END ITERATION 40
ITERATION 41
Sun 15 Oct 19:36:01 EDT 2017
d4:a0:2a:4b:95:13	2412	-69	[WPA2-EAP-CCMP][ESS]	Dukeblue
d4:a0:2a:4b:95:11	2412	-70	[WPA2-EAP-CCMP][ESS]	eduroam
54:a2:74:0a:10:81	2437	-71	[WPA2-EAP-CCMP][ESS]	eduroam
54:a2:74:0a:10:83	2437	-71	[WPA2-EAP-CCMP][ESS]	Dukeblue
d4:a0:2a:48:44:c1	2412	-78	[WPA2-EAP-CCMP][ESS]	eduroam
d4:a0:2a:48:44:c3	2412	-78	[WPA2-EAP-CCMP][ESS]	Dukeblue
c4:0a:cb:a4:c7:31	2437	-83	[WPA2-EAP-CCMP][ESS]	eduroam
c4:0a:cb:24:44:71	2437	-83	[WPA2-EAP-CCMP][ESS]	eduroam
c4:0a:cb:24:44:73	2437	-83	[WPA2-EAP-CCMP][ESS]	Dukeblue
42:49:0f:21:36:b2	2437	-84	[WPA2-PSK-CCMP][WPS][ESS][P2P]	DIRECT-b2-HP M452 LaserJet
c4:0a:cb:a4:c7:33	2437	-86	[WPA2-EAP-CCMP][ESS]	Dukeblue
14:cc:20:53:d0:30	2452	-86	[WPA2-PSK-CCMP][WPS][ESS]	BLDS
f4:f2:6d:6f:d3:7b	2412	-87	[WPA-PSK-CCMP][WPA2-PSK-CCMP][WPS][ESS]	TP-LINK_D37B
00:42:68:c1:82:01	2437	-88	[WPA2-EAP-CCMP][ESS]	eduroam
ac:9e:17:64:c0:5c	2412	-91	[WPA-PSK-CCMP][WPA2-PSK-CCMP][ESS]	TheClacks2.4
d0:bf:9c:38:cf:4c	2412	-40	[ESS]	HP-Print-4C-ENVY 5530 series
9c:d2:1e:54:b2:73	2437	-70	[ESS]	HP-Print-73-Color LaserJet MFP
d4:a0:2a:4b:95:12	2412	-72	[ESS]	DukeVisitor
54:a2:74:0a:10:82	2437	-72	[ESS]	DukeVisitor
d4:a0:2a:4b:95:10	2412	-73	[ESS]	DukeOpen
d4:a0:2a:48:44:c0	2412	-77	[ESS]	DukeOpen
d4:a0:2a:48:44:c2	2412	-77	[ESS]	DukeVisitor
54:a2:74:0a:10:80	2437	-78	[ESS]	DukeOpen
d8:5d:e2:70:2c:ab	2437	-81	[ESS]	NB128
c4:0a:cb:a4:c7:32	2437	-83	[ESS]	DukeVisitor
c4:0a:cb:24:44:72	2437	-83	[ESS]	DukeVisitor
END ITERATION 41
ITERATION 42
Sun 15 Oct 19:36:06 EDT 2017
d4:a0:2a:4b:95:13	2412	-69	[WPA2-EAP-CCMP][ESS]	Dukeblue
d4:a0:2a:4b:95:11	2412	-70	[WPA2-EAP-CCMP][ESS]	eduroam
54:a2:74:0a:10:81	2437	-71	[WPA2-EAP-CCMP][ESS]	eduroam
54:a2:74:0a:10:83	2437	-71	[WPA2-EAP-CCMP][ESS]	Dukeblue
d4:a0:2a:48:44:c1	2412	-78	[WPA2-EAP-CCMP][ESS]	eduroam
d4:a0:2a:48:44:c3	2412	-78	[WPA2-EAP-CCMP][ESS]	Dukeblue
c4:0a:cb:a4:c7:31	2437	-83	[WPA2-EAP-CCMP][ESS]	eduroam
c4:0a:cb:24:44:71	2437	-83	[WPA2-EAP-CCMP][ESS]	eduroam
c4:0a:cb:24:44:73	2437	-83	[WPA2-EAP-CCMP][ESS]	Dukeblue
42:49:0f:21:36:b2	2437	-84	[WPA2-PSK-CCMP][WPS][ESS][P2P]	DIRECT-b2-HP M452 LaserJet
c4:0a:cb:a4:c7:33	2437	-86	[WPA2-EAP-CCMP][ESS]	Dukeblue
14:cc:20:53:d0:30	2452	-86	[WPA2-PSK-CCMP][WPS][ESS]	BLDS
f4:f2:6d:6f:d3:7b	2412	-87	[WPA-PSK-CCMP][WPA2-PSK-CCMP][WPS][ESS]	TP-LINK_D37B
00:42:68:c1:82:01	2437	-88	[WPA2-EAP-CCMP][ESS]	eduroam
ac:9e:17:64:c0:5c	2412	-91	[WPA-PSK-CCMP][WPA2-PSK-CCMP][ESS]	TheClacks2.4
d0:bf:9c:38:cf:4c	2412	-40	[ESS]	HP-Print-4C-ENVY 5530 series
9c:d2:1e:54:b2:73	2437	-70	[ESS]	HP-Print-73-Color LaserJet MFP
d4:a0:2a:4b:95:12	2412	-72	[ESS]	DukeVisitor
54:a2:74:0a:10:82	2437	-72	[ESS]	DukeVisitor
d4:a0:2a:4b:95:10	2412	-73	[ESS]	DukeOpen
d4:a0:2a:48:44:c0	2412	-77	[ESS]	DukeOpen
d4:a0:2a:48:44:c2	2412	-77	[ESS]	DukeVisitor
54:a2:74:0a:10:80	2437	-78	[ESS]	DukeOpen
d8:5d:e2:70:2c:ab	2437	-81	[ESS]	NB128
c4:0a:cb:a4:c7:32	2437	-83	[ESS]	DukeVisitor
c4:0a:cb:24:44:72	2437	-83	[ESS]	DukeVisitor
END ITERATION 42
ITERATION 43
Sun 15 Oct 19:36:11 EDT 2017
d4:a0:2a:4b:95:13	2412	-69	[WPA2-EAP-CCMP][ESS]	Dukeblue
d4:a0:2a:4b:95:11	2412	-70	[WPA2-EAP-CCMP][ESS]	eduroam
54:a2:74:0a:10:81	2437	-71	[WPA2-EAP-CCMP][ESS]	eduroam
54:a2:74:0a:10:83	2437	-71	[WPA2-EAP-CCMP][ESS]	Dukeblue
d4:a0:2a:48:44:c1	2412	-78	[WPA2-EAP-CCMP][ESS]	eduroam
d4:a0:2a:48:44:c3	2412	-78	[WPA2-EAP-CCMP][ESS]	Dukeblue
c4:0a:cb:a4:c7:31	2437	-83	[WPA2-EAP-CCMP][ESS]	eduroam
c4:0a:cb:24:44:71	2437	-83	[WPA2-EAP-CCMP][ESS]	eduroam
c4:0a:cb:24:44:73	2437	-83	[WPA2-EAP-CCMP][ESS]	Dukeblue
42:49:0f:21:36:b2	2437	-84	[WPA2-PSK-CCMP][WPS][ESS][P2P]	DIRECT-b2-HP M452 LaserJet
c4:0a:cb:a4:c7:33	2437	-86	[WPA2-EAP-CCMP][ESS]	Dukeblue
14:cc:20:53:d0:30	2452	-86	[WPA2-PSK-CCMP][WPS][ESS]	BLDS
f4:f2:6d:6f:d3:7b	2412	-87	[WPA-PSK-CCMP][WPA2-PSK-CCMP][WPS][ESS]	TP-LINK_D37B
00:42:68:c1:82:01	2437	-88	[WPA2-EAP-CCMP][ESS]	eduroam
ac:9e:17:64:c0:5c	2412	-91	[WPA-PSK-CCMP][WPA2-PSK-CCMP][ESS]	TheClacks2.4
d0:bf:9c:38:cf:4c	2412	-40	[ESS]	HP-Print-4C-ENVY 5530 series
9c:d2:1e:54:b2:73	2437	-70	[ESS]	HP-Print-73-Color LaserJet MFP
d4:a0:2a:4b:95:12	2412	-72	[ESS]	DukeVisitor
54:a2:74:0a:10:82	2437	-72	[ESS]	DukeVisitor
d4:a0:2a:4b:95:10	2412	-73	[ESS]	DukeOpen
d4:a0:2a:48:44:c0	2412	-77	[ESS]	DukeOpen
d4:a0:2a:48:44:c2	2412	-77	[ESS]	DukeVisitor
54:a2:74:0a:10:80	2437	-78	[ESS]	DukeOpen
d8:5d:e2:70:2c:ab	2437	-81	[ESS]	NB128
c4:0a:cb:a4:c7:32	2437	-83	[ESS]	DukeVisitor
c4:0a:cb:24:44:72	2437	-83	[ESS]	DukeVisitor
END ITERATION 43
ITERATION 44
Sun 15 Oct 19:36:17 EDT 2017
d4:a0:2a:4b:95:13	2412	-69	[WPA2-EAP-CCMP][ESS]	Dukeblue
d4:a0:2a:4b:95:11	2412	-70	[WPA2-EAP-CCMP][ESS]	eduroam
54:a2:74:0a:10:81	2437	-71	[WPA2-EAP-CCMP][ESS]	eduroam
54:a2:74:0a:10:83	2437	-71	[WPA2-EAP-CCMP][ESS]	Dukeblue
d4:a0:2a:48:44:c1	2412	-78	[WPA2-EAP-CCMP][ESS]	eduroam
d4:a0:2a:48:44:c3	2412	-78	[WPA2-EAP-CCMP][ESS]	Dukeblue
c4:0a:cb:a4:c7:31	2437	-83	[WPA2-EAP-CCMP][ESS]	eduroam
c4:0a:cb:24:44:71	2437	-83	[WPA2-EAP-CCMP][ESS]	eduroam
c4:0a:cb:24:44:73	2437	-83	[WPA2-EAP-CCMP][ESS]	Dukeblue
42:49:0f:21:36:b2	2437	-84	[WPA2-PSK-CCMP][WPS][ESS][P2P]	DIRECT-b2-HP M452 LaserJet
c4:0a:cb:a4:c7:33	2437	-86	[WPA2-EAP-CCMP][ESS]	Dukeblue
14:cc:20:53:d0:30	2452	-86	[WPA2-PSK-CCMP][WPS][ESS]	BLDS
f4:f2:6d:6f:d3:7b	2412	-87	[WPA-PSK-CCMP][WPA2-PSK-CCMP][WPS][ESS]	TP-LINK_D37B
00:42:68:c1:82:01	2437	-88	[WPA2-EAP-CCMP][ESS]	eduroam
ac:9e:17:64:c0:5c	2412	-91	[WPA-PSK-CCMP][WPA2-PSK-CCMP][ESS]	TheClacks2.4
d0:bf:9c:38:cf:4c	2412	-40	[ESS]	HP-Print-4C-ENVY 5530 series
9c:d2:1e:54:b2:73	2437	-70	[ESS]	HP-Print-73-Color LaserJet MFP
d4:a0:2a:4b:95:12	2412	-72	[ESS]	DukeVisitor
54:a2:74:0a:10:82	2437	-72	[ESS]	DukeVisitor
d4:a0:2a:4b:95:10	2412	-73	[ESS]	DukeOpen
d4:a0:2a:48:44:c0	2412	-77	[ESS]	DukeOpen
d4:a0:2a:48:44:c2	2412	-77	[ESS]	DukeVisitor
54:a2:74:0a:10:80	2437	-78	[ESS]	DukeOpen
d8:5d:e2:70:2c:ab	2437	-81	[ESS]	NB128
c4:0a:cb:a4:c7:32	2437	-83	[ESS]	DukeVisitor
c4:0a:cb:24:44:72	2437	-83	[ESS]	DukeVisitor
END ITERATION 44
ITERATION 45
Sun 15 Oct 19:36:22 EDT 2017
d4:a0:2a:4b:95:13	2412	-69	[WPA2-EAP-CCMP][ESS]	Dukeblue
d4:a0:2a:4b:95:11	2412	-70	[WPA2-EAP-CCMP][ESS]	eduroam
54:a2:74:0a:10:81	2437	-71	[WPA2-EAP-CCMP][ESS]	eduroam
54:a2:74:0a:10:83	2437	-71	[WPA2-EAP-CCMP][ESS]	Dukeblue
d4:a0:2a:48:44:c1	2412	-78	[WPA2-EAP-CCMP][ESS]	eduroam
d4:a0:2a:48:44:c3	2412	-78	[WPA2-EAP-CCMP][ESS]	Dukeblue
c4:0a:cb:a4:c7:31	2437	-83	[WPA2-EAP-CCMP][ESS]	eduroam
c4:0a:cb:24:44:71	2437	-83	[WPA2-EAP-CCMP][ESS]	eduroam
c4:0a:cb:24:44:73	2437	-83	[WPA2-EAP-CCMP][ESS]	Dukeblue
42:49:0f:21:36:b2	2437	-84	[WPA2-PSK-CCMP][WPS][ESS][P2P]	DIRECT-b2-HP M452 LaserJet
c4:0a:cb:a4:c7:33	2437	-86	[WPA2-EAP-CCMP][ESS]	Dukeblue
14:cc:20:53:d0:30	2452	-86	[WPA2-PSK-CCMP][WPS][ESS]	BLDS
f4:f2:6d:6f:d3:7b	2412	-87	[WPA-PSK-CCMP][WPA2-PSK-CCMP][WPS][ESS]	TP-LINK_D37B
00:42:68:c1:82:01	2437	-88	[WPA2-EAP-CCMP][ESS]	eduroam
ac:9e:17:64:c0:5c	2412	-91	[WPA-PSK-CCMP][WPA2-PSK-CCMP][ESS]	TheClacks2.4
d0:bf:9c:38:cf:4c	2412	-40	[ESS]	HP-Print-4C-ENVY 5530 series
9c:d2:1e:54:b2:73	2437	-70	[ESS]	HP-Print-73-Color LaserJet MFP
d4:a0:2a:4b:95:12	2412	-72	[ESS]	DukeVisitor
54:a2:74:0a:10:82	2437	-72	[ESS]	DukeVisitor
d4:a0:2a:4b:95:10	2412	-73	[ESS]	DukeOpen
d4:a0:2a:48:44:c0	2412	-77	[ESS]	DukeOpen
d4:a0:2a:48:44:c2	2412	-77	[ESS]	DukeVisitor
54:a2:74:0a:10:80	2437	-78	[ESS]	DukeOpen
d8:5d:e2:70:2c:ab	2437	-81	[ESS]	NB128
c4:0a:cb:a4:c7:32	2437	-83	[ESS]	DukeVisitor
c4:0a:cb:24:44:72	2437	-83	[ESS]	DukeVisitor
END ITERATION 45
ITERATION 46
Sun 15 Oct 19:36:27 EDT 2017
d4:a0:2a:4b:95:13	2412	-78	[WPA2-EAP-CCMP][ESS]	Dukeblue
d4:a0:2a:4b:95:11	2412	-77	[WPA2-EAP-CCMP][ESS]	eduroam
54:a2:74:0a:10:81	2437	-66	[WPA2-EAP-CCMP][ESS]	eduroam
54:a2:74:0a:10:83	2437	-67	[WPA2-EAP-CCMP][ESS]	Dukeblue
d4:a0:2a:48:44:c1	2412	-77	[WPA2-EAP-CCMP][ESS]	eduroam
d4:a0:2a:48:44:c3	2412	-77	[WPA2-EAP-CCMP][ESS]	Dukeblue
c4:0a:cb:a4:c7:31	2437	-84	[WPA2-EAP-CCMP][ESS]	eduroam
c4:0a:cb:24:44:71	2437	-86	[WPA2-EAP-CCMP][ESS]	eduroam
c4:0a:cb:24:44:73	2437	-83	[WPA2-EAP-CCMP][ESS]	Dukeblue
42:49:0f:21:36:b2	2437	-87	[WPA2-PSK-CCMP][WPS][ESS][P2P]	DIRECT-b2-HP M452 LaserJet
c4:0a:cb:a4:c7:33	2437	-81	[WPA2-EAP-CCMP][ESS]	Dukeblue
14:cc:20:53:d0:30	2452	-85	[WPA2-PSK-CCMP][WPS][ESS]	BLDS
f4:f2:6d:6f:d3:7b	2412	-90	[WPA-PSK-CCMP][WPA2-PSK-CCMP][WPS][ESS]	TP-LINK_D37B
00:42:68:c1:82:01	2437	-89	[WPA2-EAP-CCMP][ESS]	eduroam
ac:9e:17:64:c0:5c	2412	-91	[WPA-PSK-CCMP][WPA2-PSK-CCMP][ESS]	TheClacks2.4
d0:bf:9c:38:cf:4c	2412	-40	[ESS]	HP-Print-4C-ENVY 5530 series
9c:d2:1e:54:b2:73	2437	-67	[ESS]	HP-Print-73-Color LaserJet MFP
d4:a0:2a:4b:95:12	2412	-75	[ESS]	DukeVisitor
54:a2:74:0a:10:82	2437	-64	[ESS]	DukeVisitor
d4:a0:2a:4b:95:10	2412	-75	[ESS]	DukeOpen
d4:a0:2a:48:44:c0	2412	-76	[ESS]	DukeOpen
d4:a0:2a:48:44:c2	2412	-76	[ESS]	DukeVisitor
54:a2:74:0a:10:80	2437	-67	[ESS]	DukeOpen
d8:5d:e2:70:2c:ab	2437	-74	[ESS]	NB128
c4:0a:cb:a4:c7:32	2437	-82	[ESS]	DukeVisitor
c4:0a:cb:24:44:72	2437	-83	[ESS]	DukeVisitor
00:42:68:c1:82:03	2437	-87	[WPA2-EAP-CCMP][ESS]	Dukeblue
c4:0a:cb:a4:c7:30	2437	-81	[ESS]	DukeOpen
00:42:68:c1:82:02	2437	-87	[ESS]	DukeVisitor
00:42:68:c1:82:00	2437	-88	[ESS]	DukeOpen
END ITERATION 46
ITERATION 47
Sun 15 Oct 19:36:32 EDT 2017
d4:a0:2a:4b:95:13	2412	-78	[WPA2-EAP-CCMP][ESS]	Dukeblue
d4:a0:2a:4b:95:11	2412	-77	[WPA2-EAP-CCMP][ESS]	eduroam
54:a2:74:0a:10:81	2437	-66	[WPA2-EAP-CCMP][ESS]	eduroam
54:a2:74:0a:10:83	2437	-67	[WPA2-EAP-CCMP][ESS]	Dukeblue
d4:a0:2a:48:44:c1	2412	-77	[WPA2-EAP-CCMP][ESS]	eduroam
d4:a0:2a:48:44:c3	2412	-77	[WPA2-EAP-CCMP][ESS]	Dukeblue
c4:0a:cb:a4:c7:31	2437	-84	[WPA2-EAP-CCMP][ESS]	eduroam
c4:0a:cb:24:44:71	2437	-86	[WPA2-EAP-CCMP][ESS]	eduroam
c4:0a:cb:24:44:73	2437	-83	[WPA2-EAP-CCMP][ESS]	Dukeblue
42:49:0f:21:36:b2	2437	-87	[WPA2-PSK-CCMP][WPS][ESS][P2P]	DIRECT-b2-HP M452 LaserJet
c4:0a:cb:a4:c7:33	2437	-81	[WPA2-EAP-CCMP][ESS]	Dukeblue
14:cc:20:53:d0:30	2452	-85	[WPA2-PSK-CCMP][WPS][ESS]	BLDS
f4:f2:6d:6f:d3:7b	2412	-90	[WPA-PSK-CCMP][WPA2-PSK-CCMP][WPS][ESS]	TP-LINK_D37B
00:42:68:c1:82:01	2437	-89	[WPA2-EAP-CCMP][ESS]	eduroam
ac:9e:17:64:c0:5c	2412	-91	[WPA-PSK-CCMP][WPA2-PSK-CCMP][ESS]	TheClacks2.4
d0:bf:9c:38:cf:4c	2412	-40	[ESS]	HP-Print-4C-ENVY 5530 series
9c:d2:1e:54:b2:73	2437	-67	[ESS]	HP-Print-73-Color LaserJet MFP
d4:a0:2a:4b:95:12	2412	-75	[ESS]	DukeVisitor
54:a2:74:0a:10:82	2437	-64	[ESS]	DukeVisitor
d4:a0:2a:4b:95:10	2412	-75	[ESS]	DukeOpen
d4:a0:2a:48:44:c0	2412	-76	[ESS]	DukeOpen
d4:a0:2a:48:44:c2	2412	-76	[ESS]	DukeVisitor
54:a2:74:0a:10:80	2437	-67	[ESS]	DukeOpen
d8:5d:e2:70:2c:ab	2437	-74	[ESS]	NB128
c4:0a:cb:a4:c7:32	2437	-82	[ESS]	DukeVisitor
c4:0a:cb:24:44:72	2437	-83	[ESS]	DukeVisitor
00:42:68:c1:82:03	2437	-87	[WPA2-EAP-CCMP][ESS]	Dukeblue
c4:0a:cb:a4:c7:30	2437	-81	[ESS]	DukeOpen
00:42:68:c1:82:02	2437	-87	[ESS]	DukeVisitor
00:42:68:c1:82:00	2437	-88	[ESS]	DukeOpen
END ITERATION 47
ITERATION 48
Sun 15 Oct 19:36:37 EDT 2017
d4:a0:2a:4b:95:13	2412	-78	[WPA2-EAP-CCMP][ESS]	Dukeblue
d4:a0:2a:4b:95:11	2412	-77	[WPA2-EAP-CCMP][ESS]	eduroam
54:a2:74:0a:10:81	2437	-66	[WPA2-EAP-CCMP][ESS]	eduroam
54:a2:74:0a:10:83	2437	-67	[WPA2-EAP-CCMP][ESS]	Dukeblue
d4:a0:2a:48:44:c1	2412	-77	[WPA2-EAP-CCMP][ESS]	eduroam
d4:a0:2a:48:44:c3	2412	-77	[WPA2-EAP-CCMP][ESS]	Dukeblue
c4:0a:cb:a4:c7:31	2437	-84	[WPA2-EAP-CCMP][ESS]	eduroam
c4:0a:cb:24:44:71	2437	-86	[WPA2-EAP-CCMP][ESS]	eduroam
c4:0a:cb:24:44:73	2437	-83	[WPA2-EAP-CCMP][ESS]	Dukeblue
42:49:0f:21:36:b2	2437	-87	[WPA2-PSK-CCMP][WPS][ESS][P2P]	DIRECT-b2-HP M452 LaserJet
c4:0a:cb:a4:c7:33	2437	-81	[WPA2-EAP-CCMP][ESS]	Dukeblue
14:cc:20:53:d0:30	2452	-85	[WPA2-PSK-CCMP][WPS][ESS]	BLDS
f4:f2:6d:6f:d3:7b	2412	-90	[WPA-PSK-CCMP][WPA2-PSK-CCMP][WPS][ESS]	TP-LINK_D37B
00:42:68:c1:82:01	2437	-89	[WPA2-EAP-CCMP][ESS]	eduroam
ac:9e:17:64:c0:5c	2412	-91	[WPA-PSK-CCMP][WPA2-PSK-CCMP][ESS]	TheClacks2.4
d0:bf:9c:38:cf:4c	2412	-40	[ESS]	HP-Print-4C-ENVY 5530 series
9c:d2:1e:54:b2:73	2437	-67	[ESS]	HP-Print-73-Color LaserJet MFP
d4:a0:2a:4b:95:12	2412	-75	[ESS]	DukeVisitor
54:a2:74:0a:10:82	2437	-64	[ESS]	DukeVisitor
d4:a0:2a:4b:95:10	2412	-75	[ESS]	DukeOpen
d4:a0:2a:48:44:c0	2412	-76	[ESS]	DukeOpen
d4:a0:2a:48:44:c2	2412	-76	[ESS]	DukeVisitor
54:a2:74:0a:10:80	2437	-67	[ESS]	DukeOpen
d8:5d:e2:70:2c:ab	2437	-74	[ESS]	NB128
c4:0a:cb:a4:c7:32	2437	-82	[ESS]	DukeVisitor
c4:0a:cb:24:44:72	2437	-83	[ESS]	DukeVisitor
00:42:68:c1:82:03	2437	-87	[WPA2-EAP-CCMP][ESS]	Dukeblue
c4:0a:cb:a4:c7:30	2437	-81	[ESS]	DukeOpen
00:42:68:c1:82:02	2437	-87	[ESS]	DukeVisitor
00:42:68:c1:82:00	2437	-88	[ESS]	DukeOpen
END ITERATION 48
ITERATION 49
Sun 15 Oct 19:36:42 EDT 2017
d4:a0:2a:4b:95:13	2412	-78	[WPA2-EAP-CCMP][ESS]	Dukeblue
d4:a0:2a:4b:95:11	2412	-77	[WPA2-EAP-CCMP][ESS]	eduroam
54:a2:74:0a:10:81	2437	-66	[WPA2-EAP-CCMP][ESS]	eduroam
54:a2:74:0a:10:83	2437	-67	[WPA2-EAP-CCMP][ESS]	Dukeblue
d4:a0:2a:48:44:c1	2412	-77	[WPA2-EAP-CCMP][ESS]	eduroam
d4:a0:2a:48:44:c3	2412	-77	[WPA2-EAP-CCMP][ESS]	Dukeblue
c4:0a:cb:a4:c7:31	2437	-84	[WPA2-EAP-CCMP][ESS]	eduroam
c4:0a:cb:24:44:71	2437	-86	[WPA2-EAP-CCMP][ESS]	eduroam
c4:0a:cb:24:44:73	2437	-83	[WPA2-EAP-CCMP][ESS]	Dukeblue
42:49:0f:21:36:b2	2437	-87	[WPA2-PSK-CCMP][WPS][ESS][P2P]	DIRECT-b2-HP M452 LaserJet
c4:0a:cb:a4:c7:33	2437	-81	[WPA2-EAP-CCMP][ESS]	Dukeblue
14:cc:20:53:d0:30	2452	-85	[WPA2-PSK-CCMP][WPS][ESS]	BLDS
f4:f2:6d:6f:d3:7b	2412	-90	[WPA-PSK-CCMP][WPA2-PSK-CCMP][WPS][ESS]	TP-LINK_D37B
00:42:68:c1:82:01	2437	-89	[WPA2-EAP-CCMP][ESS]	eduroam
ac:9e:17:64:c0:5c	2412	-91	[WPA-PSK-CCMP][WPA2-PSK-CCMP][ESS]	TheClacks2.4
d0:bf:9c:38:cf:4c	2412	-40	[ESS]	HP-Print-4C-ENVY 5530 series
9c:d2:1e:54:b2:73	2437	-67	[ESS]	HP-Print-73-Color LaserJet MFP
d4:a0:2a:4b:95:12	2412	-75	[ESS]	DukeVisitor
54:a2:74:0a:10:82	2437	-64	[ESS]	DukeVisitor
d4:a0:2a:4b:95:10	2412	-75	[ESS]	DukeOpen
d4:a0:2a:48:44:c0	2412	-76	[ESS]	DukeOpen
d4:a0:2a:48:44:c2	2412	-76	[ESS]	DukeVisitor
54:a2:74:0a:10:80	2437	-67	[ESS]	DukeOpen
d8:5d:e2:70:2c:ab	2437	-74	[ESS]	NB128
c4:0a:cb:a4:c7:32	2437	-82	[ESS]	DukeVisitor
c4:0a:cb:24:44:72	2437	-83	[ESS]	DukeVisitor
00:42:68:c1:82:03	2437	-87	[WPA2-EAP-CCMP][ESS]	Dukeblue
c4:0a:cb:a4:c7:30	2437	-81	[ESS]	DukeOpen
00:42:68:c1:82:02	2437	-87	[ESS]	DukeVisitor
00:42:68:c1:82:00	2437	-88	[ESS]	DukeOpen
END ITERATION 49
ITERATION 50
Sun 15 Oct 19:36:47 EDT 2017
d4:a0:2a:4b:95:13	2412	-78	[WPA2-EAP-CCMP][ESS]	Dukeblue
d4:a0:2a:4b:95:11	2412	-77	[WPA2-EAP-CCMP][ESS]	eduroam
54:a2:74:0a:10:81	2437	-66	[WPA2-EAP-CCMP][ESS]	eduroam
54:a2:74:0a:10:83	2437	-67	[WPA2-EAP-CCMP][ESS]	Dukeblue
d4:a0:2a:48:44:c1	2412	-77	[WPA2-EAP-CCMP][ESS]	eduroam
d4:a0:2a:48:44:c3	2412	-77	[WPA2-EAP-CCMP][ESS]	Dukeblue
c4:0a:cb:a4:c7:31	2437	-84	[WPA2-EAP-CCMP][ESS]	eduroam
c4:0a:cb:24:44:71	2437	-86	[WPA2-EAP-CCMP][ESS]	eduroam
c4:0a:cb:24:44:73	2437	-83	[WPA2-EAP-CCMP][ESS]	Dukeblue
42:49:0f:21:36:b2	2437	-87	[WPA2-PSK-CCMP][WPS][ESS][P2P]	DIRECT-b2-HP M452 LaserJet
c4:0a:cb:a4:c7:33	2437	-81	[WPA2-EAP-CCMP][ESS]	Dukeblue
14:cc:20:53:d0:30	2452	-85	[WPA2-PSK-CCMP][WPS][ESS]	BLDS
f4:f2:6d:6f:d3:7b	2412	-90	[WPA-PSK-CCMP][WPA2-PSK-CCMP][WPS][ESS]	TP-LINK_D37B
00:42:68:c1:82:01	2437	-89	[WPA2-EAP-CCMP][ESS]	eduroam
ac:9e:17:64:c0:5c	2412	-91	[WPA-PSK-CCMP][WPA2-PSK-CCMP][ESS]	TheClacks2.4
d0:bf:9c:38:cf:4c	2412	-40	[ESS]	HP-Print-4C-ENVY 5530 series
9c:d2:1e:54:b2:73	2437	-67	[ESS]	HP-Print-73-Color LaserJet MFP
d4:a0:2a:4b:95:12	2412	-75	[ESS]	DukeVisitor
54:a2:74:0a:10:82	2437	-64	[ESS]	DukeVisitor
d4:a0:2a:4b:95:10	2412	-75	[ESS]	DukeOpen
d4:a0:2a:48:44:c0	2412	-76	[ESS]	DukeOpen
d4:a0:2a:48:44:c2	2412	-76	[ESS]	DukeVisitor
54:a2:74:0a:10:80	2437	-67	[ESS]	DukeOpen
d8:5d:e2:70:2c:ab	2437	-74	[ESS]	NB128
c4:0a:cb:a4:c7:32	2437	-82	[ESS]	DukeVisitor
c4:0a:cb:24:44:72	2437	-83	[ESS]	DukeVisitor
00:42:68:c1:82:03	2437	-87	[WPA2-EAP-CCMP][ESS]	Dukeblue
c4:0a:cb:a4:c7:30	2437	-81	[ESS]	DukeOpen
00:42:68:c1:82:02	2437	-87	[ESS]	DukeVisitor
00:42:68:c1:82:00	2437	-88	[ESS]	DukeOpen
END ITERATION 50
ITERATION 51
Sun 15 Oct 19:36:52 EDT 2017
d4:a0:2a:4b:95:13	2412	-78	[WPA2-EAP-CCMP][ESS]	Dukeblue
d4:a0:2a:4b:95:11	2412	-77	[WPA2-EAP-CCMP][ESS]	eduroam
54:a2:74:0a:10:81	2437	-66	[WPA2-EAP-CCMP][ESS]	eduroam
54:a2:74:0a:10:83	2437	-67	[WPA2-EAP-CCMP][ESS]	Dukeblue
d4:a0:2a:48:44:c1	2412	-77	[WPA2-EAP-CCMP][ESS]	eduroam
d4:a0:2a:48:44:c3	2412	-77	[WPA2-EAP-CCMP][ESS]	Dukeblue
c4:0a:cb:a4:c7:31	2437	-84	[WPA2-EAP-CCMP][ESS]	eduroam
c4:0a:cb:24:44:71	2437	-86	[WPA2-EAP-CCMP][ESS]	eduroam
c4:0a:cb:24:44:73	2437	-83	[WPA2-EAP-CCMP][ESS]	Dukeblue
42:49:0f:21:36:b2	2437	-87	[WPA2-PSK-CCMP][WPS][ESS][P2P]	DIRECT-b2-HP M452 LaserJet
c4:0a:cb:a4:c7:33	2437	-81	[WPA2-EAP-CCMP][ESS]	Dukeblue
14:cc:20:53:d0:30	2452	-85	[WPA2-PSK-CCMP][WPS][ESS]	BLDS
f4:f2:6d:6f:d3:7b	2412	-90	[WPA-PSK-CCMP][WPA2-PSK-CCMP][WPS][ESS]	TP-LINK_D37B
00:42:68:c1:82:01	2437	-89	[WPA2-EAP-CCMP][ESS]	eduroam
ac:9e:17:64:c0:5c	2412	-91	[WPA-PSK-CCMP][WPA2-PSK-CCMP][ESS]	TheClacks2.4
d0:bf:9c:38:cf:4c	2412	-40	[ESS]	HP-Print-4C-ENVY 5530 series
9c:d2:1e:54:b2:73	2437	-67	[ESS]	HP-Print-73-Color LaserJet MFP
d4:a0:2a:4b:95:12	2412	-75	[ESS]	DukeVisitor
54:a2:74:0a:10:82	2437	-64	[ESS]	DukeVisitor
d4:a0:2a:4b:95:10	2412	-75	[ESS]	DukeOpen
d4:a0:2a:48:44:c0	2412	-76	[ESS]	DukeOpen
d4:a0:2a:48:44:c2	2412	-76	[ESS]	DukeVisitor
54:a2:74:0a:10:80	2437	-67	[ESS]	DukeOpen
d8:5d:e2:70:2c:ab	2437	-74	[ESS]	NB128
c4:0a:cb:a4:c7:32	2437	-82	[ESS]	DukeVisitor
c4:0a:cb:24:44:72	2437	-83	[ESS]	DukeVisitor
00:42:68:c1:82:03	2437	-87	[WPA2-EAP-CCMP][ESS]	Dukeblue
c4:0a:cb:a4:c7:30	2437	-81	[ESS]	DukeOpen
00:42:68:c1:82:02	2437	-87	[ESS]	DukeVisitor
00:42:68:c1:82:00	2437	-88	[ESS]	DukeOpen
END ITERATION 51
ITERATION 52
Sun 15 Oct 19:36:57 EDT 2017
d4:a0:2a:4b:95:13	2412	-78	[WPA2-EAP-CCMP][ESS]	Dukeblue
d4:a0:2a:4b:95:11	2412	-77	[WPA2-EAP-CCMP][ESS]	eduroam
54:a2:74:0a:10:81	2437	-66	[WPA2-EAP-CCMP][ESS]	eduroam
54:a2:74:0a:10:83	2437	-67	[WPA2-EAP-CCMP][ESS]	Dukeblue
d4:a0:2a:48:44:c1	2412	-77	[WPA2-EAP-CCMP][ESS]	eduroam
d4:a0:2a:48:44:c3	2412	-77	[WPA2-EAP-CCMP][ESS]	Dukeblue
c4:0a:cb:a4:c7:31	2437	-84	[WPA2-EAP-CCMP][ESS]	eduroam
c4:0a:cb:24:44:71	2437	-86	[WPA2-EAP-CCMP][ESS]	eduroam
c4:0a:cb:24:44:73	2437	-83	[WPA2-EAP-CCMP][ESS]	Dukeblue
42:49:0f:21:36:b2	2437	-87	[WPA2-PSK-CCMP][WPS][ESS][P2P]	DIRECT-b2-HP M452 LaserJet
c4:0a:cb:a4:c7:33	2437	-81	[WPA2-EAP-CCMP][ESS]	Dukeblue
14:cc:20:53:d0:30	2452	-85	[WPA2-PSK-CCMP][WPS][ESS]	BLDS
f4:f2:6d:6f:d3:7b	2412	-90	[WPA-PSK-CCMP][WPA2-PSK-CCMP][WPS][ESS]	TP-LINK_D37B
00:42:68:c1:82:01	2437	-89	[WPA2-EAP-CCMP][ESS]	eduroam
ac:9e:17:64:c0:5c	2412	-91	[WPA-PSK-CCMP][WPA2-PSK-CCMP][ESS]	TheClacks2.4
d0:bf:9c:38:cf:4c	2412	-40	[ESS]	HP-Print-4C-ENVY 5530 series
9c:d2:1e:54:b2:73	2437	-67	[ESS]	HP-Print-73-Color LaserJet MFP
d4:a0:2a:4b:95:12	2412	-75	[ESS]	DukeVisitor
54:a2:74:0a:10:82	2437	-64	[ESS]	DukeVisitor
d4:a0:2a:4b:95:10	2412	-75	[ESS]	DukeOpen
d4:a0:2a:48:44:c0	2412	-76	[ESS]	DukeOpen
d4:a0:2a:48:44:c2	2412	-76	[ESS]	DukeVisitor
54:a2:74:0a:10:80	2437	-67	[ESS]	DukeOpen
d8:5d:e2:70:2c:ab	2437	-74	[ESS]	NB128
c4:0a:cb:a4:c7:32	2437	-82	[ESS]	DukeVisitor
c4:0a:cb:24:44:72	2437	-83	[ESS]	DukeVisitor
00:42:68:c1:82:03	2437	-87	[WPA2-EAP-CCMP][ESS]	Dukeblue
c4:0a:cb:a4:c7:30	2437	-81	[ESS]	DukeOpen
00:42:68:c1:82:02	2437	-87	[ESS]	DukeVisitor
00:42:68:c1:82:00	2437	-88	[ESS]	DukeOpen
END ITERATION 52
ITERATION 53
Sun 15 Oct 19:37:02 EDT 2017
d4:a0:2a:4b:95:13	2412	-78	[WPA2-EAP-CCMP][ESS]	Dukeblue
d4:a0:2a:4b:95:11	2412	-77	[WPA2-EAP-CCMP][ESS]	eduroam
54:a2:74:0a:10:81	2437	-66	[WPA2-EAP-CCMP][ESS]	eduroam
54:a2:74:0a:10:83	2437	-67	[WPA2-EAP-CCMP][ESS]	Dukeblue
d4:a0:2a:48:44:c1	2412	-77	[WPA2-EAP-CCMP][ESS]	eduroam
d4:a0:2a:48:44:c3	2412	-77	[WPA2-EAP-CCMP][ESS]	Dukeblue
c4:0a:cb:a4:c7:31	2437	-84	[WPA2-EAP-CCMP][ESS]	eduroam
c4:0a:cb:24:44:71	2437	-86	[WPA2-EAP-CCMP][ESS]	eduroam
c4:0a:cb:24:44:73	2437	-83	[WPA2-EAP-CCMP][ESS]	Dukeblue
42:49:0f:21:36:b2	2437	-87	[WPA2-PSK-CCMP][WPS][ESS][P2P]	DIRECT-b2-HP M452 LaserJet
c4:0a:cb:a4:c7:33	2437	-81	[WPA2-EAP-CCMP][ESS]	Dukeblue
14:cc:20:53:d0:30	2452	-85	[WPA2-PSK-CCMP][WPS][ESS]	BLDS
f4:f2:6d:6f:d3:7b	2412	-90	[WPA-PSK-CCMP][WPA2-PSK-CCMP][WPS][ESS]	TP-LINK_D37B
00:42:68:c1:82:01	2437	-89	[WPA2-EAP-CCMP][ESS]	eduroam
ac:9e:17:64:c0:5c	2412	-91	[WPA-PSK-CCMP][WPA2-PSK-CCMP][ESS]	TheClacks2.4
d0:bf:9c:38:cf:4c	2412	-40	[ESS]	HP-Print-4C-ENVY 5530 series
9c:d2:1e:54:b2:73	2437	-67	[ESS]	HP-Print-73-Color LaserJet MFP
d4:a0:2a:4b:95:12	2412	-75	[ESS]	DukeVisitor
54:a2:74:0a:10:82	2437	-64	[ESS]	DukeVisitor
d4:a0:2a:4b:95:10	2412	-75	[ESS]	DukeOpen
d4:a0:2a:48:44:c0	2412	-76	[ESS]	DukeOpen
d4:a0:2a:48:44:c2	2412	-76	[ESS]	DukeVisitor
54:a2:74:0a:10:80	2437	-67	[ESS]	DukeOpen
d8:5d:e2:70:2c:ab	2437	-74	[ESS]	NB128
c4:0a:cb:a4:c7:32	2437	-82	[ESS]	DukeVisitor
c4:0a:cb:24:44:72	2437	-83	[ESS]	DukeVisitor
00:42:68:c1:82:03	2437	-87	[WPA2-EAP-CCMP][ESS]	Dukeblue
c4:0a:cb:a4:c7:30	2437	-81	[ESS]	DukeOpen
00:42:68:c1:82:02	2437	-87	[ESS]	DukeVisitor
00:42:68:c1:82:00	2437	-88	[ESS]	DukeOpen
END ITERATION 53
ITERATION 54
Sun 15 Oct 19:37:07 EDT 2017
d4:a0:2a:4b:95:13	2412	-78	[WPA2-EAP-CCMP][ESS]	Dukeblue
d4:a0:2a:4b:95:11	2412	-77	[WPA2-EAP-CCMP][ESS]	eduroam
54:a2:74:0a:10:81	2437	-66	[WPA2-EAP-CCMP][ESS]	eduroam
54:a2:74:0a:10:83	2437	-67	[WPA2-EAP-CCMP][ESS]	Dukeblue
d4:a0:2a:48:44:c1	2412	-77	[WPA2-EAP-CCMP][ESS]	eduroam
d4:a0:2a:48:44:c3	2412	-77	[WPA2-EAP-CCMP][ESS]	Dukeblue
c4:0a:cb:a4:c7:31	2437	-84	[WPA2-EAP-CCMP][ESS]	eduroam
c4:0a:cb:24:44:71	2437	-86	[WPA2-EAP-CCMP][ESS]	eduroam
c4:0a:cb:24:44:73	2437	-83	[WPA2-EAP-CCMP][ESS]	Dukeblue
42:49:0f:21:36:b2	2437	-87	[WPA2-PSK-CCMP][WPS][ESS][P2P]	DIRECT-b2-HP M452 LaserJet
c4:0a:cb:a4:c7:33	2437	-81	[WPA2-EAP-CCMP][ESS]	Dukeblue
14:cc:20:53:d0:30	2452	-85	[WPA2-PSK-CCMP][WPS][ESS]	BLDS
f4:f2:6d:6f:d3:7b	2412	-90	[WPA-PSK-CCMP][WPA2-PSK-CCMP][WPS][ESS]	TP-LINK_D37B
00:42:68:c1:82:01	2437	-89	[WPA2-EAP-CCMP][ESS]	eduroam
ac:9e:17:64:c0:5c	2412	-91	[WPA-PSK-CCMP][WPA2-PSK-CCMP][ESS]	TheClacks2.4
d0:bf:9c:38:cf:4c	2412	-40	[ESS]	HP-Print-4C-ENVY 5530 series
9c:d2:1e:54:b2:73	2437	-67	[ESS]	HP-Print-73-Color LaserJet MFP
d4:a0:2a:4b:95:12	2412	-75	[ESS]	DukeVisitor
54:a2:74:0a:10:82	2437	-64	[ESS]	DukeVisitor
d4:a0:2a:4b:95:10	2412	-75	[ESS]	DukeOpen
d4:a0:2a:48:44:c0	2412	-76	[ESS]	DukeOpen
d4:a0:2a:48:44:c2	2412	-76	[ESS]	DukeVisitor
54:a2:74:0a:10:80	2437	-67	[ESS]	DukeOpen
d8:5d:e2:70:2c:ab	2437	-74	[ESS]	NB128
c4:0a:cb:a4:c7:32	2437	-82	[ESS]	DukeVisitor
c4:0a:cb:24:44:72	2437	-83	[ESS]	DukeVisitor
00:42:68:c1:82:03	2437	-87	[WPA2-EAP-CCMP][ESS]	Dukeblue
c4:0a:cb:a4:c7:30	2437	-81	[ESS]	DukeOpen
00:42:68:c1:82:02	2437	-87	[ESS]	DukeVisitor
00:42:68:c1:82:00	2437	-88	[ESS]	DukeOpen
END ITERATION 54
ITERATION 55
Sun 15 Oct 19:37:12 EDT 2017
d4:a0:2a:4b:95:13	2412	-78	[WPA2-EAP-CCMP][ESS]	Dukeblue
d4:a0:2a:4b:95:11	2412	-77	[WPA2-EAP-CCMP][ESS]	eduroam
54:a2:74:0a:10:81	2437	-66	[WPA2-EAP-CCMP][ESS]	eduroam
54:a2:74:0a:10:83	2437	-67	[WPA2-EAP-CCMP][ESS]	Dukeblue
d4:a0:2a:48:44:c1	2412	-77	[WPA2-EAP-CCMP][ESS]	eduroam
d4:a0:2a:48:44:c3	2412	-77	[WPA2-EAP-CCMP][ESS]	Dukeblue
c4:0a:cb:a4:c7:31	2437	-84	[WPA2-EAP-CCMP][ESS]	eduroam
c4:0a:cb:24:44:71	2437	-86	[WPA2-EAP-CCMP][ESS]	eduroam
c4:0a:cb:24:44:73	2437	-83	[WPA2-EAP-CCMP][ESS]	Dukeblue
42:49:0f:21:36:b2	2437	-87	[WPA2-PSK-CCMP][WPS][ESS][P2P]	DIRECT-b2-HP M452 LaserJet
c4:0a:cb:a4:c7:33	2437	-81	[WPA2-EAP-CCMP][ESS]	Dukeblue
14:cc:20:53:d0:30	2452	-85	[WPA2-PSK-CCMP][WPS][ESS]	BLDS
f4:f2:6d:6f:d3:7b	2412	-90	[WPA-PSK-CCMP][WPA2-PSK-CCMP][WPS][ESS]	TP-LINK_D37B
00:42:68:c1:82:01	2437	-89	[WPA2-EAP-CCMP][ESS]	eduroam
ac:9e:17:64:c0:5c	2412	-91	[WPA-PSK-CCMP][WPA2-PSK-CCMP][ESS]	TheClacks2.4
d0:bf:9c:38:cf:4c	2412	-40	[ESS]	HP-Print-4C-ENVY 5530 series
9c:d2:1e:54:b2:73	2437	-67	[ESS]	HP-Print-73-Color LaserJet MFP
d4:a0:2a:4b:95:12	2412	-75	[ESS]	DukeVisitor
54:a2:74:0a:10:82	2437	-64	[ESS]	DukeVisitor
d4:a0:2a:4b:95:10	2412	-75	[ESS]	DukeOpen
d4:a0:2a:48:44:c0	2412	-76	[ESS]	DukeOpen
d4:a0:2a:48:44:c2	2412	-76	[ESS]	DukeVisitor
54:a2:74:0a:10:80	2437	-67	[ESS]	DukeOpen
d8:5d:e2:70:2c:ab	2437	-74	[ESS]	NB128
c4:0a:cb:a4:c7:32	2437	-82	[ESS]	DukeVisitor
c4:0a:cb:24:44:72	2437	-83	[ESS]	DukeVisitor
00:42:68:c1:82:03	2437	-87	[WPA2-EAP-CCMP][ESS]	Dukeblue
c4:0a:cb:a4:c7:30	2437	-81	[ESS]	DukeOpen
00:42:68:c1:82:02	2437	-87	[ESS]	DukeVisitor
00:42:68:c1:82:00	2437	-88	[ESS]	DukeOpen
END ITERATION 55
ITERATION 56
Sun 15 Oct 19:37:17 EDT 2017
d4:a0:2a:4b:95:13	2412	-78	[WPA2-EAP-CCMP][ESS]	Dukeblue
d4:a0:2a:4b:95:11	2412	-77	[WPA2-EAP-CCMP][ESS]	eduroam
54:a2:74:0a:10:81	2437	-66	[WPA2-EAP-CCMP][ESS]	eduroam
54:a2:74:0a:10:83	2437	-67	[WPA2-EAP-CCMP][ESS]	Dukeblue
d4:a0:2a:48:44:c1	2412	-77	[WPA2-EAP-CCMP][ESS]	eduroam
d4:a0:2a:48:44:c3	2412	-77	[WPA2-EAP-CCMP][ESS]	Dukeblue
c4:0a:cb:a4:c7:31	2437	-84	[WPA2-EAP-CCMP][ESS]	eduroam
c4:0a:cb:24:44:71	2437	-86	[WPA2-EAP-CCMP][ESS]	eduroam
c4:0a:cb:24:44:73	2437	-83	[WPA2-EAP-CCMP][ESS]	Dukeblue
42:49:0f:21:36:b2	2437	-87	[WPA2-PSK-CCMP][WPS][ESS][P2P]	DIRECT-b2-HP M452 LaserJet
c4:0a:cb:a4:c7:33	2437	-81	[WPA2-EAP-CCMP][ESS]	Dukeblue
14:cc:20:53:d0:30	2452	-85	[WPA2-PSK-CCMP][WPS][ESS]	BLDS
f4:f2:6d:6f:d3:7b	2412	-90	[WPA-PSK-CCMP][WPA2-PSK-CCMP][WPS][ESS]	TP-LINK_D37B
00:42:68:c1:82:01	2437	-89	[WPA2-EAP-CCMP][ESS]	eduroam
ac:9e:17:64:c0:5c	2412	-91	[WPA-PSK-CCMP][WPA2-PSK-CCMP][ESS]	TheClacks2.4
d0:bf:9c:38:cf:4c	2412	-40	[ESS]	HP-Print-4C-ENVY 5530 series
9c:d2:1e:54:b2:73	2437	-67	[ESS]	HP-Print-73-Color LaserJet MFP
d4:a0:2a:4b:95:12	2412	-75	[ESS]	DukeVisitor
54:a2:74:0a:10:82	2437	-64	[ESS]	DukeVisitor
d4:a0:2a:4b:95:10	2412	-75	[ESS]	DukeOpen
d4:a0:2a:48:44:c0	2412	-76	[ESS]	DukeOpen
d4:a0:2a:48:44:c2	2412	-76	[ESS]	DukeVisitor
54:a2:74:0a:10:80	2437	-67	[ESS]	DukeOpen
d8:5d:e2:70:2c:ab	2437	-74	[ESS]	NB128
c4:0a:cb:a4:c7:32	2437	-82	[ESS]	DukeVisitor
c4:0a:cb:24:44:72	2437	-83	[ESS]	DukeVisitor
00:42:68:c1:82:03	2437	-87	[WPA2-EAP-CCMP][ESS]	Dukeblue
c4:0a:cb:a4:c7:30	2437	-81	[ESS]	DukeOpen
00:42:68:c1:82:02	2437	-87	[ESS]	DukeVisitor
00:42:68:c1:82:00	2437	-88	[ESS]	DukeOpen
END ITERATION 56
ITERATION 57
Sun 15 Oct 19:37:22 EDT 2017
d4:a0:2a:4b:95:13	2412	-78	[WPA2-EAP-CCMP][ESS]	Dukeblue
d4:a0:2a:4b:95:11	2412	-77	[WPA2-EAP-CCMP][ESS]	eduroam
54:a2:74:0a:10:81	2437	-66	[WPA2-EAP-CCMP][ESS]	eduroam
54:a2:74:0a:10:83	2437	-67	[WPA2-EAP-CCMP][ESS]	Dukeblue
d4:a0:2a:48:44:c1	2412	-77	[WPA2-EAP-CCMP][ESS]	eduroam
d4:a0:2a:48:44:c3	2412	-77	[WPA2-EAP-CCMP][ESS]	Dukeblue
c4:0a:cb:a4:c7:31	2437	-84	[WPA2-EAP-CCMP][ESS]	eduroam
c4:0a:cb:24:44:71	2437	-86	[WPA2-EAP-CCMP][ESS]	eduroam
c4:0a:cb:24:44:73	2437	-83	[WPA2-EAP-CCMP][ESS]	Dukeblue
42:49:0f:21:36:b2	2437	-87	[WPA2-PSK-CCMP][WPS][ESS][P2P]	DIRECT-b2-HP M452 LaserJet
c4:0a:cb:a4:c7:33	2437	-81	[WPA2-EAP-CCMP][ESS]	Dukeblue
14:cc:20:53:d0:30	2452	-85	[WPA2-PSK-CCMP][WPS][ESS]	BLDS
f4:f2:6d:6f:d3:7b	2412	-90	[WPA-PSK-CCMP][WPA2-PSK-CCMP][WPS][ESS]	TP-LINK_D37B
00:42:68:c1:82:01	2437	-89	[WPA2-EAP-CCMP][ESS]	eduroam
ac:9e:17:64:c0:5c	2412	-91	[WPA-PSK-CCMP][WPA2-PSK-CCMP][ESS]	TheClacks2.4
d0:bf:9c:38:cf:4c	2412	-40	[ESS]	HP-Print-4C-ENVY 5530 series
9c:d2:1e:54:b2:73	2437	-67	[ESS]	HP-Print-73-Color LaserJet MFP
d4:a0:2a:4b:95:12	2412	-75	[ESS]	DukeVisitor
54:a2:74:0a:10:82	2437	-64	[ESS]	DukeVisitor
d4:a0:2a:4b:95:10	2412	-75	[ESS]	DukeOpen
d4:a0:2a:48:44:c0	2412	-76	[ESS]	DukeOpen
d4:a0:2a:48:44:c2	2412	-76	[ESS]	DukeVisitor
54:a2:74:0a:10:80	2437	-67	[ESS]	DukeOpen
d8:5d:e2:70:2c:ab	2437	-74	[ESS]	NB128
c4:0a:cb:a4:c7:32	2437	-82	[ESS]	DukeVisitor
c4:0a:cb:24:44:72	2437	-83	[ESS]	DukeVisitor
00:42:68:c1:82:03	2437	-87	[WPA2-EAP-CCMP][ESS]	Dukeblue
c4:0a:cb:a4:c7:30	2437	-81	[ESS]	DukeOpen
00:42:68:c1:82:02	2437	-87	[ESS]	DukeVisitor
00:42:68:c1:82:00	2437	-88	[ESS]	DukeOpen
END ITERATION 57
ITERATION 58
Sun 15 Oct 19:37:27 EDT 2017
d4:a0:2a:4b:95:13	2412	-75	[WPA2-EAP-CCMP][ESS]	Dukeblue
d4:a0:2a:4b:95:11	2412	-73	[WPA2-EAP-CCMP][ESS]	eduroam
54:a2:74:0a:10:81	2437	-69	[WPA2-EAP-CCMP][ESS]	eduroam
54:a2:74:0a:10:83	2437	-68	[WPA2-EAP-CCMP][ESS]	Dukeblue
d4:a0:2a:48:44:c1	2412	-75	[WPA2-EAP-CCMP][ESS]	eduroam
d4:a0:2a:48:44:c3	2412	-72	[WPA2-EAP-CCMP][ESS]	Dukeblue
c4:0a:cb:a4:c7:31	2437	-84	[WPA2-EAP-CCMP][ESS]	eduroam
c4:0a:cb:24:44:71	2437	-84	[WPA2-EAP-CCMP][ESS]	eduroam
42:49:0f:21:36:b2	2437	-83	[WPA2-PSK-CCMP][WPS][ESS][P2P]	DIRECT-b2-HP M452 LaserJet
c4:0a:cb:a4:c7:33	2437	-84	[WPA2-EAP-CCMP][ESS]	Dukeblue
14:cc:20:53:d0:30	2452	-87	[WPA2-PSK-CCMP][WPS][ESS]	BLDS
f4:f2:6d:6f:d3:7b	2412	-88	[WPA-PSK-CCMP][WPA2-PSK-CCMP][WPS][ESS]	TP-LINK_D37B
00:42:68:c1:82:01	2437	-89	[WPA2-EAP-CCMP][ESS]	eduroam
d0:bf:9c:38:cf:4c	2412	-46	[ESS]	HP-Print-4C-ENVY 5530 series
9c:d2:1e:54:b2:73	2437	-64	[ESS]	HP-Print-73-Color LaserJet MFP
d4:a0:2a:4b:95:12	2412	-72	[ESS]	DukeVisitor
54:a2:74:0a:10:82	2437	-69	[ESS]	DukeVisitor
d4:a0:2a:4b:95:10	2412	-74	[ESS]	DukeOpen
d4:a0:2a:48:44:c0	2412	-73	[ESS]	DukeOpen
d4:a0:2a:48:44:c2	2412	-76	[ESS]	DukeVisitor
54:a2:74:0a:10:80	2437	-72	[ESS]	DukeOpen
d8:5d:e2:70:2c:ab	2437	-74	[ESS]	NB128
c4:0a:cb:a4:c7:32	2437	-83	[ESS]	DukeVisitor
00:42:68:c1:82:03	2437	-87	[WPA2-EAP-CCMP][ESS]	Dukeblue
c4:0a:cb:a4:c7:30	2437	-88	[ESS]	DukeOpen
00:42:68:c1:82:02	2437	-93	[ESS]	DukeVisitor
00:42:68:c1:82:00	2437	-88	[ESS]	DukeOpen
c4:0a:cb:a4:cc:63	2437	-88	[WPA2-EAP-CCMP][ESS]	Dukeblue
14:91:82:f0:1f:82	2457	-92	[WPA2-PSK-CCMP][WPS][ESS]	HAL-vicon
c4:0a:cb:24:44:70	2437	-86	[ESS]	DukeOpen
END ITERATION 58
ITERATION 59
Sun 15 Oct 19:37:32 EDT 2017
d4:a0:2a:4b:95:13	2412	-75	[WPA2-EAP-CCMP][ESS]	Dukeblue
d4:a0:2a:4b:95:11	2412	-73	[WPA2-EAP-CCMP][ESS]	eduroam
54:a2:74:0a:10:81	2437	-69	[WPA2-EAP-CCMP][ESS]	eduroam
54:a2:74:0a:10:83	2437	-68	[WPA2-EAP-CCMP][ESS]	Dukeblue
d4:a0:2a:48:44:c1	2412	-75	[WPA2-EAP-CCMP][ESS]	eduroam
d4:a0:2a:48:44:c3	2412	-72	[WPA2-EAP-CCMP][ESS]	Dukeblue
c4:0a:cb:a4:c7:31	2437	-84	[WPA2-EAP-CCMP][ESS]	eduroam
c4:0a:cb:24:44:71	2437	-84	[WPA2-EAP-CCMP][ESS]	eduroam
42:49:0f:21:36:b2	2437	-83	[WPA2-PSK-CCMP][WPS][ESS][P2P]	DIRECT-b2-HP M452 LaserJet
c4:0a:cb:a4:c7:33	2437	-84	[WPA2-EAP-CCMP][ESS]	Dukeblue
14:cc:20:53:d0:30	2452	-87	[WPA2-PSK-CCMP][WPS][ESS]	BLDS
f4:f2:6d:6f:d3:7b	2412	-88	[WPA-PSK-CCMP][WPA2-PSK-CCMP][WPS][ESS]	TP-LINK_D37B
00:42:68:c1:82:01	2437	-89	[WPA2-EAP-CCMP][ESS]	eduroam
d0:bf:9c:38:cf:4c	2412	-46	[ESS]	HP-Print-4C-ENVY 5530 series
9c:d2:1e:54:b2:73	2437	-64	[ESS]	HP-Print-73-Color LaserJet MFP
d4:a0:2a:4b:95:12	2412	-72	[ESS]	DukeVisitor
54:a2:74:0a:10:82	2437	-69	[ESS]	DukeVisitor
d4:a0:2a:4b:95:10	2412	-74	[ESS]	DukeOpen
d4:a0:2a:48:44:c0	2412	-73	[ESS]	DukeOpen
d4:a0:2a:48:44:c2	2412	-76	[ESS]	DukeVisitor
54:a2:74:0a:10:80	2437	-72	[ESS]	DukeOpen
d8:5d:e2:70:2c:ab	2437	-74	[ESS]	NB128
c4:0a:cb:a4:c7:32	2437	-83	[ESS]	DukeVisitor
00:42:68:c1:82:03	2437	-87	[WPA2-EAP-CCMP][ESS]	Dukeblue
c4:0a:cb:a4:c7:30	2437	-88	[ESS]	DukeOpen
00:42:68:c1:82:02	2437	-93	[ESS]	DukeVisitor
00:42:68:c1:82:00	2437	-88	[ESS]	DukeOpen
c4:0a:cb:a4:cc:63	2437	-88	[WPA2-EAP-CCMP][ESS]	Dukeblue
14:91:82:f0:1f:82	2457	-92	[WPA2-PSK-CCMP][WPS][ESS]	HAL-vicon
c4:0a:cb:24:44:70	2437	-86	[ESS]	DukeOpen
END ITERATION 59
ITERATION 60
Sun 15 Oct 19:37:37 EDT 2017
d4:a0:2a:4b:95:13	2412	-75	[WPA2-EAP-CCMP][ESS]	Dukeblue
d4:a0:2a:4b:95:11	2412	-73	[WPA2-EAP-CCMP][ESS]	eduroam
54:a2:74:0a:10:81	2437	-69	[WPA2-EAP-CCMP][ESS]	eduroam
54:a2:74:0a:10:83	2437	-68	[WPA2-EAP-CCMP][ESS]	Dukeblue
d4:a0:2a:48:44:c1	2412	-75	[WPA2-EAP-CCMP][ESS]	eduroam
d4:a0:2a:48:44:c3	2412	-72	[WPA2-EAP-CCMP][ESS]	Dukeblue
c4:0a:cb:a4:c7:31	2437	-84	[WPA2-EAP-CCMP][ESS]	eduroam
c4:0a:cb:24:44:71	2437	-84	[WPA2-EAP-CCMP][ESS]	eduroam
42:49:0f:21:36:b2	2437	-83	[WPA2-PSK-CCMP][WPS][ESS][P2P]	DIRECT-b2-HP M452 LaserJet
c4:0a:cb:a4:c7:33	2437	-84	[WPA2-EAP-CCMP][ESS]	Dukeblue
14:cc:20:53:d0:30	2452	-87	[WPA2-PSK-CCMP][WPS][ESS]	BLDS
f4:f2:6d:6f:d3:7b	2412	-88	[WPA-PSK-CCMP][WPA2-PSK-CCMP][WPS][ESS]	TP-LINK_D37B
00:42:68:c1:82:01	2437	-89	[WPA2-EAP-CCMP][ESS]	eduroam
d0:bf:9c:38:cf:4c	2412	-46	[ESS]	HP-Print-4C-ENVY 5530 series
9c:d2:1e:54:b2:73	2437	-64	[ESS]	HP-Print-73-Color LaserJet MFP
d4:a0:2a:4b:95:12	2412	-72	[ESS]	DukeVisitor
54:a2:74:0a:10:82	2437	-69	[ESS]	DukeVisitor
d4:a0:2a:4b:95:10	2412	-74	[ESS]	DukeOpen
d4:a0:2a:48:44:c0	2412	-73	[ESS]	DukeOpen
d4:a0:2a:48:44:c2	2412	-76	[ESS]	DukeVisitor
54:a2:74:0a:10:80	2437	-72	[ESS]	DukeOpen
d8:5d:e2:70:2c:ab	2437	-74	[ESS]	NB128
c4:0a:cb:a4:c7:32	2437	-83	[ESS]	DukeVisitor
00:42:68:c1:82:03	2437	-87	[WPA2-EAP-CCMP][ESS]	Dukeblue
c4:0a:cb:a4:c7:30	2437	-88	[ESS]	DukeOpen
00:42:68:c1:82:02	2437	-93	[ESS]	DukeVisitor
00:42:68:c1:82:00	2437	-88	[ESS]	DukeOpen
c4:0a:cb:a4:cc:63	2437	-88	[WPA2-EAP-CCMP][ESS]	Dukeblue
14:91:82:f0:1f:82	2457	-92	[WPA2-PSK-CCMP][WPS][ESS]	HAL-vicon
c4:0a:cb:24:44:70	2437	-86	[ESS]	DukeOpen
END ITERATION 60
ITERATION 61
Sun 15 Oct 19:37:42 EDT 2017
d4:a0:2a:4b:95:13	2412	-75	[WPA2-EAP-CCMP][ESS]	Dukeblue
d4:a0:2a:4b:95:11	2412	-73	[WPA2-EAP-CCMP][ESS]	eduroam
54:a2:74:0a:10:81	2437	-69	[WPA2-EAP-CCMP][ESS]	eduroam
54:a2:74:0a:10:83	2437	-68	[WPA2-EAP-CCMP][ESS]	Dukeblue
d4:a0:2a:48:44:c1	2412	-75	[WPA2-EAP-CCMP][ESS]	eduroam
d4:a0:2a:48:44:c3	2412	-72	[WPA2-EAP-CCMP][ESS]	Dukeblue
c4:0a:cb:a4:c7:31	2437	-84	[WPA2-EAP-CCMP][ESS]	eduroam
c4:0a:cb:24:44:71	2437	-84	[WPA2-EAP-CCMP][ESS]	eduroam
42:49:0f:21:36:b2	2437	-83	[WPA2-PSK-CCMP][WPS][ESS][P2P]	DIRECT-b2-HP M452 LaserJet
c4:0a:cb:a4:c7:33	2437	-84	[WPA2-EAP-CCMP][ESS]	Dukeblue
14:cc:20:53:d0:30	2452	-87	[WPA2-PSK-CCMP][WPS][ESS]	BLDS
f4:f2:6d:6f:d3:7b	2412	-88	[WPA-PSK-CCMP][WPA2-PSK-CCMP][WPS][ESS]	TP-LINK_D37B
00:42:68:c1:82:01	2437	-89	[WPA2-EAP-CCMP][ESS]	eduroam
d0:bf:9c:38:cf:4c	2412	-46	[ESS]	HP-Print-4C-ENVY 5530 series
9c:d2:1e:54:b2:73	2437	-64	[ESS]	HP-Print-73-Color LaserJet MFP
d4:a0:2a:4b:95:12	2412	-72	[ESS]	DukeVisitor
54:a2:74:0a:10:82	2437	-69	[ESS]	DukeVisitor
d4:a0:2a:4b:95:10	2412	-74	[ESS]	DukeOpen
d4:a0:2a:48:44:c0	2412	-73	[ESS]	DukeOpen
d4:a0:2a:48:44:c2	2412	-76	[ESS]	DukeVisitor
54:a2:74:0a:10:80	2437	-72	[ESS]	DukeOpen
d8:5d:e2:70:2c:ab	2437	-74	[ESS]	NB128
c4:0a:cb:a4:c7:32	2437	-83	[ESS]	DukeVisitor
00:42:68:c1:82:03	2437	-87	[WPA2-EAP-CCMP][ESS]	Dukeblue
c4:0a:cb:a4:c7:30	2437	-88	[ESS]	DukeOpen
00:42:68:c1:82:02	2437	-93	[ESS]	DukeVisitor
00:42:68:c1:82:00	2437	-88	[ESS]	DukeOpen
c4:0a:cb:a4:cc:63	2437	-88	[WPA2-EAP-CCMP][ESS]	Dukeblue
14:91:82:f0:1f:82	2457	-92	[WPA2-PSK-CCMP][WPS][ESS]	HAL-vicon
c4:0a:cb:24:44:70	2437	-86	[ESS]	DukeOpen
END ITERATION 61
ITERATION 62
Sun 15 Oct 19:37:47 EDT 2017
d4:a0:2a:4b:95:13	2412	-75	[WPA2-EAP-CCMP][ESS]	Dukeblue
d4:a0:2a:4b:95:11	2412	-73	[WPA2-EAP-CCMP][ESS]	eduroam
54:a2:74:0a:10:81	2437	-69	[WPA2-EAP-CCMP][ESS]	eduroam
54:a2:74:0a:10:83	2437	-68	[WPA2-EAP-CCMP][ESS]	Dukeblue
d4:a0:2a:48:44:c1	2412	-75	[WPA2-EAP-CCMP][ESS]	eduroam
d4:a0:2a:48:44:c3	2412	-72	[WPA2-EAP-CCMP][ESS]	Dukeblue
c4:0a:cb:a4:c7:31	2437	-84	[WPA2-EAP-CCMP][ESS]	eduroam
c4:0a:cb:24:44:71	2437	-84	[WPA2-EAP-CCMP][ESS]	eduroam
42:49:0f:21:36:b2	2437	-83	[WPA2-PSK-CCMP][WPS][ESS][P2P]	DIRECT-b2-HP M452 LaserJet
c4:0a:cb:a4:c7:33	2437	-84	[WPA2-EAP-CCMP][ESS]	Dukeblue
14:cc:20:53:d0:30	2452	-87	[WPA2-PSK-CCMP][WPS][ESS]	BLDS
f4:f2:6d:6f:d3:7b	2412	-88	[WPA-PSK-CCMP][WPA2-PSK-CCMP][WPS][ESS]	TP-LINK_D37B
00:42:68:c1:82:01	2437	-89	[WPA2-EAP-CCMP][ESS]	eduroam
d0:bf:9c:38:cf:4c	2412	-46	[ESS]	HP-Print-4C-ENVY 5530 series
9c:d2:1e:54:b2:73	2437	-64	[ESS]	HP-Print-73-Color LaserJet MFP
d4:a0:2a:4b:95:12	2412	-72	[ESS]	DukeVisitor
54:a2:74:0a:10:82	2437	-69	[ESS]	DukeVisitor
d4:a0:2a:4b:95:10	2412	-74	[ESS]	DukeOpen
d4:a0:2a:48:44:c0	2412	-73	[ESS]	DukeOpen
d4:a0:2a:48:44:c2	2412	-76	[ESS]	DukeVisitor
54:a2:74:0a:10:80	2437	-72	[ESS]	DukeOpen
d8:5d:e2:70:2c:ab	2437	-74	[ESS]	NB128
c4:0a:cb:a4:c7:32	2437	-83	[ESS]	DukeVisitor
00:42:68:c1:82:03	2437	-87	[WPA2-EAP-CCMP][ESS]	Dukeblue
c4:0a:cb:a4:c7:30	2437	-88	[ESS]	DukeOpen
00:42:68:c1:82:02	2437	-93	[ESS]	DukeVisitor
00:42:68:c1:82:00	2437	-88	[ESS]	DukeOpen
c4:0a:cb:a4:cc:63	2437	-88	[WPA2-EAP-CCMP][ESS]	Dukeblue
14:91:82:f0:1f:82	2457	-92	[WPA2-PSK-CCMP][WPS][ESS]	HAL-vicon
c4:0a:cb:24:44:70	2437	-86	[ESS]	DukeOpen
END ITERATION 62
ITERATION 63
Sun 15 Oct 19:37:52 EDT 2017
d4:a0:2a:4b:95:13	2412	-75	[WPA2-EAP-CCMP][ESS]	Dukeblue
d4:a0:2a:4b:95:11	2412	-73	[WPA2-EAP-CCMP][ESS]	eduroam
54:a2:74:0a:10:81	2437	-69	[WPA2-EAP-CCMP][ESS]	eduroam
54:a2:74:0a:10:83	2437	-68	[WPA2-EAP-CCMP][ESS]	Dukeblue
d4:a0:2a:48:44:c1	2412	-75	[WPA2-EAP-CCMP][ESS]	eduroam
d4:a0:2a:48:44:c3	2412	-72	[WPA2-EAP-CCMP][ESS]	Dukeblue
c4:0a:cb:a4:c7:31	2437	-84	[WPA2-EAP-CCMP][ESS]	eduroam
c4:0a:cb:24:44:71	2437	-84	[WPA2-EAP-CCMP][ESS]	eduroam
42:49:0f:21:36:b2	2437	-83	[WPA2-PSK-CCMP][WPS][ESS][P2P]	DIRECT-b2-HP M452 LaserJet
c4:0a:cb:a4:c7:33	2437	-84	[WPA2-EAP-CCMP][ESS]	Dukeblue
14:cc:20:53:d0:30	2452	-87	[WPA2-PSK-CCMP][WPS][ESS]	BLDS
f4:f2:6d:6f:d3:7b	2412	-88	[WPA-PSK-CCMP][WPA2-PSK-CCMP][WPS][ESS]	TP-LINK_D37B
00:42:68:c1:82:01	2437	-89	[WPA2-EAP-CCMP][ESS]	eduroam
d0:bf:9c:38:cf:4c	2412	-46	[ESS]	HP-Print-4C-ENVY 5530 series
9c:d2:1e:54:b2:73	2437	-64	[ESS]	HP-Print-73-Color LaserJet MFP
d4:a0:2a:4b:95:12	2412	-72	[ESS]	DukeVisitor
54:a2:74:0a:10:82	2437	-69	[ESS]	DukeVisitor
d4:a0:2a:4b:95:10	2412	-74	[ESS]	DukeOpen
d4:a0:2a:48:44:c0	2412	-73	[ESS]	DukeOpen
d4:a0:2a:48:44:c2	2412	-76	[ESS]	DukeVisitor
54:a2:74:0a:10:80	2437	-72	[ESS]	DukeOpen
d8:5d:e2:70:2c:ab	2437	-74	[ESS]	NB128
c4:0a:cb:a4:c7:32	2437	-83	[ESS]	DukeVisitor
00:42:68:c1:82:03	2437	-87	[WPA2-EAP-CCMP][ESS]	Dukeblue
c4:0a:cb:a4:c7:30	2437	-88	[ESS]	DukeOpen
00:42:68:c1:82:02	2437	-93	[ESS]	DukeVisitor
00:42:68:c1:82:00	2437	-88	[ESS]	DukeOpen
c4:0a:cb:a4:cc:63	2437	-88	[WPA2-EAP-CCMP][ESS]	Dukeblue
14:91:82:f0:1f:82	2457	-92	[WPA2-PSK-CCMP][WPS][ESS]	HAL-vicon
c4:0a:cb:24:44:70	2437	-86	[ESS]	DukeOpen
END ITERATION 63
ITERATION 64
Sun 15 Oct 19:37:57 EDT 2017
d4:a0:2a:4b:95:13	2412	-75	[WPA2-EAP-CCMP][ESS]	Dukeblue
d4:a0:2a:4b:95:11	2412	-73	[WPA2-EAP-CCMP][ESS]	eduroam
54:a2:74:0a:10:81	2437	-69	[WPA2-EAP-CCMP][ESS]	eduroam
54:a2:74:0a:10:83	2437	-68	[WPA2-EAP-CCMP][ESS]	Dukeblue
d4:a0:2a:48:44:c1	2412	-75	[WPA2-EAP-CCMP][ESS]	eduroam
d4:a0:2a:48:44:c3	2412	-72	[WPA2-EAP-CCMP][ESS]	Dukeblue
c4:0a:cb:a4:c7:31	2437	-84	[WPA2-EAP-CCMP][ESS]	eduroam
c4:0a:cb:24:44:71	2437	-84	[WPA2-EAP-CCMP][ESS]	eduroam
42:49:0f:21:36:b2	2437	-83	[WPA2-PSK-CCMP][WPS][ESS][P2P]	DIRECT-b2-HP M452 LaserJet
c4:0a:cb:a4:c7:33	2437	-84	[WPA2-EAP-CCMP][ESS]	Dukeblue
14:cc:20:53:d0:30	2452	-87	[WPA2-PSK-CCMP][WPS][ESS]	BLDS
f4:f2:6d:6f:d3:7b	2412	-88	[WPA-PSK-CCMP][WPA2-PSK-CCMP][WPS][ESS]	TP-LINK_D37B
00:42:68:c1:82:01	2437	-89	[WPA2-EAP-CCMP][ESS]	eduroam
d0:bf:9c:38:cf:4c	2412	-46	[ESS]	HP-Print-4C-ENVY 5530 series
9c:d2:1e:54:b2:73	2437	-64	[ESS]	HP-Print-73-Color LaserJet MFP
d4:a0:2a:4b:95:12	2412	-72	[ESS]	DukeVisitor
54:a2:74:0a:10:82	2437	-69	[ESS]	DukeVisitor
d4:a0:2a:4b:95:10	2412	-74	[ESS]	DukeOpen
d4:a0:2a:48:44:c0	2412	-73	[ESS]	DukeOpen
d4:a0:2a:48:44:c2	2412	-76	[ESS]	DukeVisitor
54:a2:74:0a:10:80	2437	-72	[ESS]	DukeOpen
d8:5d:e2:70:2c:ab	2437	-74	[ESS]	NB128
c4:0a:cb:a4:c7:32	2437	-83	[ESS]	DukeVisitor
00:42:68:c1:82:03	2437	-87	[WPA2-EAP-CCMP][ESS]	Dukeblue
c4:0a:cb:a4:c7:30	2437	-88	[ESS]	DukeOpen
00:42:68:c1:82:02	2437	-93	[ESS]	DukeVisitor
00:42:68:c1:82:00	2437	-88	[ESS]	DukeOpen
c4:0a:cb:a4:cc:63	2437	-88	[WPA2-EAP-CCMP][ESS]	Dukeblue
14:91:82:f0:1f:82	2457	-92	[WPA2-PSK-CCMP][WPS][ESS]	HAL-vicon
c4:0a:cb:24:44:70	2437	-86	[ESS]	DukeOpen
END ITERATION 64
ITERATION 65
Sun 15 Oct 19:38:02 EDT 2017
d4:a0:2a:4b:95:13	2412	-75	[WPA2-EAP-CCMP][ESS]	Dukeblue
d4:a0:2a:4b:95:11	2412	-73	[WPA2-EAP-CCMP][ESS]	eduroam
54:a2:74:0a:10:81	2437	-69	[WPA2-EAP-CCMP][ESS]	eduroam
54:a2:74:0a:10:83	2437	-68	[WPA2-EAP-CCMP][ESS]	Dukeblue
d4:a0:2a:48:44:c1	2412	-75	[WPA2-EAP-CCMP][ESS]	eduroam
d4:a0:2a:48:44:c3	2412	-72	[WPA2-EAP-CCMP][ESS]	Dukeblue
c4:0a:cb:a4:c7:31	2437	-84	[WPA2-EAP-CCMP][ESS]	eduroam
c4:0a:cb:24:44:71	2437	-84	[WPA2-EAP-CCMP][ESS]	eduroam
42:49:0f:21:36:b2	2437	-83	[WPA2-PSK-CCMP][WPS][ESS][P2P]	DIRECT-b2-HP M452 LaserJet
c4:0a:cb:a4:c7:33	2437	-84	[WPA2-EAP-CCMP][ESS]	Dukeblue
14:cc:20:53:d0:30	2452	-87	[WPA2-PSK-CCMP][WPS][ESS]	BLDS
f4:f2:6d:6f:d3:7b	2412	-88	[WPA-PSK-CCMP][WPA2-PSK-CCMP][WPS][ESS]	TP-LINK_D37B
00:42:68:c1:82:01	2437	-89	[WPA2-EAP-CCMP][ESS]	eduroam
d0:bf:9c:38:cf:4c	2412	-46	[ESS]	HP-Print-4C-ENVY 5530 series
9c:d2:1e:54:b2:73	2437	-64	[ESS]	HP-Print-73-Color LaserJet MFP
d4:a0:2a:4b:95:12	2412	-72	[ESS]	DukeVisitor
54:a2:74:0a:10:82	2437	-69	[ESS]	DukeVisitor
d4:a0:2a:4b:95:10	2412	-74	[ESS]	DukeOpen
d4:a0:2a:48:44:c0	2412	-73	[ESS]	DukeOpen
d4:a0:2a:48:44:c2	2412	-76	[ESS]	DukeVisitor
54:a2:74:0a:10:80	2437	-72	[ESS]	DukeOpen
d8:5d:e2:70:2c:ab	2437	-74	[ESS]	NB128
c4:0a:cb:a4:c7:32	2437	-83	[ESS]	DukeVisitor
00:42:68:c1:82:03	2437	-87	[WPA2-EAP-CCMP][ESS]	Dukeblue
c4:0a:cb:a4:c7:30	2437	-88	[ESS]	DukeOpen
00:42:68:c1:82:02	2437	-93	[ESS]	DukeVisitor
00:42:68:c1:82:00	2437	-88	[ESS]	DukeOpen
c4:0a:cb:a4:cc:63	2437	-88	[WPA2-EAP-CCMP][ESS]	Dukeblue
14:91:82:f0:1f:82	2457	-92	[WPA2-PSK-CCMP][WPS][ESS]	HAL-vicon
c4:0a:cb:24:44:70	2437	-86	[ESS]	DukeOpen
END ITERATION 65
ITERATION 66
Sun 15 Oct 19:38:07 EDT 2017
d4:a0:2a:4b:95:13	2412	-75	[WPA2-EAP-CCMP][ESS]	Dukeblue
d4:a0:2a:4b:95:11	2412	-73	[WPA2-EAP-CCMP][ESS]	eduroam
54:a2:74:0a:10:81	2437	-69	[WPA2-EAP-CCMP][ESS]	eduroam
54:a2:74:0a:10:83	2437	-68	[WPA2-EAP-CCMP][ESS]	Dukeblue
d4:a0:2a:48:44:c1	2412	-75	[WPA2-EAP-CCMP][ESS]	eduroam
d4:a0:2a:48:44:c3	2412	-72	[WPA2-EAP-CCMP][ESS]	Dukeblue
c4:0a:cb:a4:c7:31	2437	-84	[WPA2-EAP-CCMP][ESS]	eduroam
c4:0a:cb:24:44:71	2437	-84	[WPA2-EAP-CCMP][ESS]	eduroam
42:49:0f:21:36:b2	2437	-83	[WPA2-PSK-CCMP][WPS][ESS][P2P]	DIRECT-b2-HP M452 LaserJet
c4:0a:cb:a4:c7:33	2437	-84	[WPA2-EAP-CCMP][ESS]	Dukeblue
14:cc:20:53:d0:30	2452	-87	[WPA2-PSK-CCMP][WPS][ESS]	BLDS
f4:f2:6d:6f:d3:7b	2412	-88	[WPA-PSK-CCMP][WPA2-PSK-CCMP][WPS][ESS]	TP-LINK_D37B
00:42:68:c1:82:01	2437	-89	[WPA2-EAP-CCMP][ESS]	eduroam
d0:bf:9c:38:cf:4c	2412	-46	[ESS]	HP-Print-4C-ENVY 5530 series
9c:d2:1e:54:b2:73	2437	-64	[ESS]	HP-Print-73-Color LaserJet MFP
d4:a0:2a:4b:95:12	2412	-72	[ESS]	DukeVisitor
54:a2:74:0a:10:82	2437	-69	[ESS]	DukeVisitor
d4:a0:2a:4b:95:10	2412	-74	[ESS]	DukeOpen
d4:a0:2a:48:44:c0	2412	-73	[ESS]	DukeOpen
d4:a0:2a:48:44:c2	2412	-76	[ESS]	DukeVisitor
54:a2:74:0a:10:80	2437	-72	[ESS]	DukeOpen
d8:5d:e2:70:2c:ab	2437	-74	[ESS]	NB128
c4:0a:cb:a4:c7:32	2437	-83	[ESS]	DukeVisitor
00:42:68:c1:82:03	2437	-87	[WPA2-EAP-CCMP][ESS]	Dukeblue
c4:0a:cb:a4:c7:30	2437	-88	[ESS]	DukeOpen
00:42:68:c1:82:02	2437	-93	[ESS]	DukeVisitor
00:42:68:c1:82:00	2437	-88	[ESS]	DukeOpen
c4:0a:cb:a4:cc:63	2437	-88	[WPA2-EAP-CCMP][ESS]	Dukeblue
14:91:82:f0:1f:82	2457	-92	[WPA2-PSK-CCMP][WPS][ESS]	HAL-vicon
c4:0a:cb:24:44:70	2437	-86	[ESS]	DukeOpen
END ITERATION 66
ITERATION 67
Sun 15 Oct 19:38:12 EDT 2017
d4:a0:2a:4b:95:13	2412	-75	[WPA2-EAP-CCMP][ESS]	Dukeblue
d4:a0:2a:4b:95:11	2412	-73	[WPA2-EAP-CCMP][ESS]	eduroam
54:a2:74:0a:10:81	2437	-69	[WPA2-EAP-CCMP][ESS]	eduroam
54:a2:74:0a:10:83	2437	-68	[WPA2-EAP-CCMP][ESS]	Dukeblue
d4:a0:2a:48:44:c1	2412	-75	[WPA2-EAP-CCMP][ESS]	eduroam
d4:a0:2a:48:44:c3	2412	-72	[WPA2-EAP-CCMP][ESS]	Dukeblue
c4:0a:cb:a4:c7:31	2437	-84	[WPA2-EAP-CCMP][ESS]	eduroam
c4:0a:cb:24:44:71	2437	-84	[WPA2-EAP-CCMP][ESS]	eduroam
42:49:0f:21:36:b2	2437	-83	[WPA2-PSK-CCMP][WPS][ESS][P2P]	DIRECT-b2-HP M452 LaserJet
c4:0a:cb:a4:c7:33	2437	-84	[WPA2-EAP-CCMP][ESS]	Dukeblue
14:cc:20:53:d0:30	2452	-87	[WPA2-PSK-CCMP][WPS][ESS]	BLDS
f4:f2:6d:6f:d3:7b	2412	-88	[WPA-PSK-CCMP][WPA2-PSK-CCMP][WPS][ESS]	TP-LINK_D37B
00:42:68:c1:82:01	2437	-89	[WPA2-EAP-CCMP][ESS]	eduroam
d0:bf:9c:38:cf:4c	2412	-46	[ESS]	HP-Print-4C-ENVY 5530 series
9c:d2:1e:54:b2:73	2437	-64	[ESS]	HP-Print-73-Color LaserJet MFP
d4:a0:2a:4b:95:12	2412	-72	[ESS]	DukeVisitor
54:a2:74:0a:10:82	2437	-69	[ESS]	DukeVisitor
d4:a0:2a:4b:95:10	2412	-74	[ESS]	DukeOpen
d4:a0:2a:48:44:c0	2412	-73	[ESS]	DukeOpen
d4:a0:2a:48:44:c2	2412	-76	[ESS]	DukeVisitor
54:a2:74:0a:10:80	2437	-72	[ESS]	DukeOpen
d8:5d:e2:70:2c:ab	2437	-74	[ESS]	NB128
c4:0a:cb:a4:c7:32	2437	-83	[ESS]	DukeVisitor
00:42:68:c1:82:03	2437	-87	[WPA2-EAP-CCMP][ESS]	Dukeblue
c4:0a:cb:a4:c7:30	2437	-88	[ESS]	DukeOpen
00:42:68:c1:82:02	2437	-93	[ESS]	DukeVisitor
00:42:68:c1:82:00	2437	-88	[ESS]	DukeOpen
c4:0a:cb:a4:cc:63	2437	-88	[WPA2-EAP-CCMP][ESS]	Dukeblue
14:91:82:f0:1f:82	2457	-92	[WPA2-PSK-CCMP][WPS][ESS]	HAL-vicon
c4:0a:cb:24:44:70	2437	-86	[ESS]	DukeOpen
END ITERATION 67
ITERATION 68
Sun 15 Oct 19:38:17 EDT 2017
d4:a0:2a:4b:95:13	2412	-75	[WPA2-EAP-CCMP][ESS]	Dukeblue
d4:a0:2a:4b:95:11	2412	-73	[WPA2-EAP-CCMP][ESS]	eduroam
54:a2:74:0a:10:81	2437	-69	[WPA2-EAP-CCMP][ESS]	eduroam
54:a2:74:0a:10:83	2437	-68	[WPA2-EAP-CCMP][ESS]	Dukeblue
d4:a0:2a:48:44:c1	2412	-75	[WPA2-EAP-CCMP][ESS]	eduroam
d4:a0:2a:48:44:c3	2412	-72	[WPA2-EAP-CCMP][ESS]	Dukeblue
c4:0a:cb:a4:c7:31	2437	-84	[WPA2-EAP-CCMP][ESS]	eduroam
c4:0a:cb:24:44:71	2437	-84	[WPA2-EAP-CCMP][ESS]	eduroam
42:49:0f:21:36:b2	2437	-83	[WPA2-PSK-CCMP][WPS][ESS][P2P]	DIRECT-b2-HP M452 LaserJet
c4:0a:cb:a4:c7:33	2437	-84	[WPA2-EAP-CCMP][ESS]	Dukeblue
14:cc:20:53:d0:30	2452	-87	[WPA2-PSK-CCMP][WPS][ESS]	BLDS
f4:f2:6d:6f:d3:7b	2412	-88	[WPA-PSK-CCMP][WPA2-PSK-CCMP][WPS][ESS]	TP-LINK_D37B
00:42:68:c1:82:01	2437	-89	[WPA2-EAP-CCMP][ESS]	eduroam
d0:bf:9c:38:cf:4c	2412	-46	[ESS]	HP-Print-4C-ENVY 5530 series
9c:d2:1e:54:b2:73	2437	-64	[ESS]	HP-Print-73-Color LaserJet MFP
d4:a0:2a:4b:95:12	2412	-72	[ESS]	DukeVisitor
54:a2:74:0a:10:82	2437	-69	[ESS]	DukeVisitor
d4:a0:2a:4b:95:10	2412	-74	[ESS]	DukeOpen
d4:a0:2a:48:44:c0	2412	-73	[ESS]	DukeOpen
d4:a0:2a:48:44:c2	2412	-76	[ESS]	DukeVisitor
54:a2:74:0a:10:80	2437	-72	[ESS]	DukeOpen
d8:5d:e2:70:2c:ab	2437	-74	[ESS]	NB128
c4:0a:cb:a4:c7:32	2437	-83	[ESS]	DukeVisitor
00:42:68:c1:82:03	2437	-87	[WPA2-EAP-CCMP][ESS]	Dukeblue
c4:0a:cb:a4:c7:30	2437	-88	[ESS]	DukeOpen
00:42:68:c1:82:02	2437	-93	[ESS]	DukeVisitor
00:42:68:c1:82:00	2437	-88	[ESS]	DukeOpen
c4:0a:cb:a4:cc:63	2437	-88	[WPA2-EAP-CCMP][ESS]	Dukeblue
14:91:82:f0:1f:82	2457	-92	[WPA2-PSK-CCMP][WPS][ESS]	HAL-vicon
c4:0a:cb:24:44:70	2437	-86	[ESS]	DukeOpen
END ITERATION 68
ITERATION 69
Sun 15 Oct 19:38:22 EDT 2017
d4:a0:2a:4b:95:13	2412	-75	[WPA2-EAP-CCMP][ESS]	Dukeblue
d4:a0:2a:4b:95:11	2412	-73	[WPA2-EAP-CCMP][ESS]	eduroam
54:a2:74:0a:10:81	2437	-69	[WPA2-EAP-CCMP][ESS]	eduroam
54:a2:74:0a:10:83	2437	-68	[WPA2-EAP-CCMP][ESS]	Dukeblue
d4:a0:2a:48:44:c1	2412	-75	[WPA2-EAP-CCMP][ESS]	eduroam
d4:a0:2a:48:44:c3	2412	-72	[WPA2-EAP-CCMP][ESS]	Dukeblue
c4:0a:cb:a4:c7:31	2437	-84	[WPA2-EAP-CCMP][ESS]	eduroam
c4:0a:cb:24:44:71	2437	-84	[WPA2-EAP-CCMP][ESS]	eduroam
42:49:0f:21:36:b2	2437	-83	[WPA2-PSK-CCMP][WPS][ESS][P2P]	DIRECT-b2-HP M452 LaserJet
c4:0a:cb:a4:c7:33	2437	-84	[WPA2-EAP-CCMP][ESS]	Dukeblue
14:cc:20:53:d0:30	2452	-87	[WPA2-PSK-CCMP][WPS][ESS]	BLDS
f4:f2:6d:6f:d3:7b	2412	-88	[WPA-PSK-CCMP][WPA2-PSK-CCMP][WPS][ESS]	TP-LINK_D37B
00:42:68:c1:82:01	2437	-89	[WPA2-EAP-CCMP][ESS]	eduroam
d0:bf:9c:38:cf:4c	2412	-46	[ESS]	HP-Print-4C-ENVY 5530 series
9c:d2:1e:54:b2:73	2437	-64	[ESS]	HP-Print-73-Color LaserJet MFP
d4:a0:2a:4b:95:12	2412	-72	[ESS]	DukeVisitor
54:a2:74:0a:10:82	2437	-69	[ESS]	DukeVisitor
d4:a0:2a:4b:95:10	2412	-74	[ESS]	DukeOpen
d4:a0:2a:48:44:c0	2412	-73	[ESS]	DukeOpen
d4:a0:2a:48:44:c2	2412	-76	[ESS]	DukeVisitor
54:a2:74:0a:10:80	2437	-72	[ESS]	DukeOpen
d8:5d:e2:70:2c:ab	2437	-74	[ESS]	NB128
c4:0a:cb:a4:c7:32	2437	-83	[ESS]	DukeVisitor
00:42:68:c1:82:03	2437	-87	[WPA2-EAP-CCMP][ESS]	Dukeblue
c4:0a:cb:a4:c7:30	2437	-88	[ESS]	DukeOpen
00:42:68:c1:82:02	2437	-93	[ESS]	DukeVisitor
00:42:68:c1:82:00	2437	-88	[ESS]	DukeOpen
c4:0a:cb:a4:cc:63	2437	-88	[WPA2-EAP-CCMP][ESS]	Dukeblue
14:91:82:f0:1f:82	2457	-92	[WPA2-PSK-CCMP][WPS][ESS]	HAL-vicon
c4:0a:cb:24:44:70	2437	-86	[ESS]	DukeOpen
END ITERATION 69
ITERATION 70
Sun 15 Oct 19:38:27 EDT 2017
d4:a0:2a:4b:95:13	2412	-72	[WPA2-EAP-CCMP][ESS]	Dukeblue
d4:a0:2a:4b:95:11	2412	-76	[WPA2-EAP-CCMP][ESS]	eduroam
54:a2:74:0a:10:81	2437	-69	[WPA2-EAP-CCMP][ESS]	eduroam
54:a2:74:0a:10:83	2437	-67	[WPA2-EAP-CCMP][ESS]	Dukeblue
d4:a0:2a:48:44:c1	2412	-77	[WPA2-EAP-CCMP][ESS]	eduroam
d4:a0:2a:48:44:c3	2412	-78	[WPA2-EAP-CCMP][ESS]	Dukeblue
c4:0a:cb:a4:c7:31	2437	-89	[WPA2-EAP-CCMP][ESS]	eduroam
c4:0a:cb:24:44:71	2437	-84	[WPA2-EAP-CCMP][ESS]	eduroam
42:49:0f:21:36:b2	2437	-80	[WPA2-PSK-CCMP][WPS][ESS][P2P]	DIRECT-b2-HP M452 LaserJet
c4:0a:cb:a4:c7:33	2437	-87	[WPA2-EAP-CCMP][ESS]	Dukeblue
14:cc:20:53:d0:30	2452	-88	[WPA2-PSK-CCMP][WPS][ESS]	BLDS
f4:f2:6d:6f:d3:7b	2412	-88	[WPA-PSK-CCMP][WPA2-PSK-CCMP][WPS][ESS]	TP-LINK_D37B
00:42:68:c1:82:01	2437	-87	[WPA2-EAP-CCMP][ESS]	eduroam
d0:bf:9c:38:cf:4c	2412	-41	[ESS]	HP-Print-4C-ENVY 5530 series
9c:d2:1e:54:b2:73	2437	-68	[ESS]	HP-Print-73-Color LaserJet MFP
d4:a0:2a:4b:95:12	2412	-72	[ESS]	DukeVisitor
54:a2:74:0a:10:82	2437	-69	[ESS]	DukeVisitor
d4:a0:2a:4b:95:10	2412	-71	[ESS]	DukeOpen
d4:a0:2a:48:44:c0	2412	-76	[ESS]	DukeOpen
d4:a0:2a:48:44:c2	2412	-77	[ESS]	DukeVisitor
54:a2:74:0a:10:80	2437	-70	[ESS]	DukeOpen
d8:5d:e2:70:2c:ab	2437	-76	[ESS]	NB128
c4:0a:cb:a4:c7:32	2437	-83	[ESS]	DukeVisitor
00:42:68:c1:82:03	2437	-86	[WPA2-EAP-CCMP][ESS]	Dukeblue
c4:0a:cb:a4:c7:30	2437	-89	[ESS]	DukeOpen
00:42:68:c1:82:02	2437	-93	[ESS]	DukeVisitor
00:42:68:c1:82:00	2437	-86	[ESS]	DukeOpen
c4:0a:cb:a4:cc:63	2437	-88	[WPA2-EAP-CCMP][ESS]	Dukeblue
14:91:82:f0:1f:82	2457	-94	[WPA2-PSK-CCMP][WPS][ESS]	HAL-vicon
c4:0a:cb:24:44:70	2437	-86	[ESS]	DukeOpen
c4:0a:cb:24:44:72	2437	-84	[ESS]	DukeVisitor
00:18:4d:d1:72:40	2462	-94	[ESS]	NETGEAR
END ITERATION 70
ITERATION 71
Sun 15 Oct 19:38:32 EDT 2017
d4:a0:2a:4b:95:13	2412	-72	[WPA2-EAP-CCMP][ESS]	Dukeblue
d4:a0:2a:4b:95:11	2412	-76	[WPA2-EAP-CCMP][ESS]	eduroam
54:a2:74:0a:10:81	2437	-69	[WPA2-EAP-CCMP][ESS]	eduroam
54:a2:74:0a:10:83	2437	-67	[WPA2-EAP-CCMP][ESS]	Dukeblue
d4:a0:2a:48:44:c1	2412	-77	[WPA2-EAP-CCMP][ESS]	eduroam
d4:a0:2a:48:44:c3	2412	-78	[WPA2-EAP-CCMP][ESS]	Dukeblue
c4:0a:cb:a4:c7:31	2437	-89	[WPA2-EAP-CCMP][ESS]	eduroam
c4:0a:cb:24:44:71	2437	-84	[WPA2-EAP-CCMP][ESS]	eduroam
42:49:0f:21:36:b2	2437	-80	[WPA2-PSK-CCMP][WPS][ESS][P2P]	DIRECT-b2-HP M452 LaserJet
c4:0a:cb:a4:c7:33	2437	-87	[WPA2-EAP-CCMP][ESS]	Dukeblue
14:cc:20:53:d0:30	2452	-88	[WPA2-PSK-CCMP][WPS][ESS]	BLDS
f4:f2:6d:6f:d3:7b	2412	-88	[WPA-PSK-CCMP][WPA2-PSK-CCMP][WPS][ESS]	TP-LINK_D37B
00:42:68:c1:82:01	2437	-87	[WPA2-EAP-CCMP][ESS]	eduroam
d0:bf:9c:38:cf:4c	2412	-41	[ESS]	HP-Print-4C-ENVY 5530 series
9c:d2:1e:54:b2:73	2437	-68	[ESS]	HP-Print-73-Color LaserJet MFP
d4:a0:2a:4b:95:12	2412	-72	[ESS]	DukeVisitor
54:a2:74:0a:10:82	2437	-69	[ESS]	DukeVisitor
d4:a0:2a:4b:95:10	2412	-71	[ESS]	DukeOpen
d4:a0:2a:48:44:c0	2412	-76	[ESS]	DukeOpen
d4:a0:2a:48:44:c2	2412	-77	[ESS]	DukeVisitor
54:a2:74:0a:10:80	2437	-70	[ESS]	DukeOpen
d8:5d:e2:70:2c:ab	2437	-76	[ESS]	NB128
c4:0a:cb:a4:c7:32	2437	-83	[ESS]	DukeVisitor
00:42:68:c1:82:03	2437	-86	[WPA2-EAP-CCMP][ESS]	Dukeblue
c4:0a:cb:a4:c7:30	2437	-89	[ESS]	DukeOpen
00:42:68:c1:82:02	2437	-93	[ESS]	DukeVisitor
00:42:68:c1:82:00	2437	-86	[ESS]	DukeOpen
c4:0a:cb:a4:cc:63	2437	-88	[WPA2-EAP-CCMP][ESS]	Dukeblue
14:91:82:f0:1f:82	2457	-94	[WPA2-PSK-CCMP][WPS][ESS]	HAL-vicon
c4:0a:cb:24:44:70	2437	-86	[ESS]	DukeOpen
c4:0a:cb:24:44:72	2437	-84	[ESS]	DukeVisitor
00:18:4d:d1:72:40	2462	-94	[ESS]	NETGEAR
END ITERATION 71
ITERATION 72
Sun 15 Oct 19:38:37 EDT 2017
d4:a0:2a:4b:95:13	2412	-72	[WPA2-EAP-CCMP][ESS]	Dukeblue
d4:a0:2a:4b:95:11	2412	-76	[WPA2-EAP-CCMP][ESS]	eduroam
54:a2:74:0a:10:81	2437	-69	[WPA2-EAP-CCMP][ESS]	eduroam
54:a2:74:0a:10:83	2437	-67	[WPA2-EAP-CCMP][ESS]	Dukeblue
d4:a0:2a:48:44:c1	2412	-77	[WPA2-EAP-CCMP][ESS]	eduroam
d4:a0:2a:48:44:c3	2412	-78	[WPA2-EAP-CCMP][ESS]	Dukeblue
c4:0a:cb:a4:c7:31	2437	-89	[WPA2-EAP-CCMP][ESS]	eduroam
c4:0a:cb:24:44:71	2437	-84	[WPA2-EAP-CCMP][ESS]	eduroam
42:49:0f:21:36:b2	2437	-80	[WPA2-PSK-CCMP][WPS][ESS][P2P]	DIRECT-b2-HP M452 LaserJet
c4:0a:cb:a4:c7:33	2437	-87	[WPA2-EAP-CCMP][ESS]	Dukeblue
14:cc:20:53:d0:30	2452	-88	[WPA2-PSK-CCMP][WPS][ESS]	BLDS
f4:f2:6d:6f:d3:7b	2412	-88	[WPA-PSK-CCMP][WPA2-PSK-CCMP][WPS][ESS]	TP-LINK_D37B
00:42:68:c1:82:01	2437	-87	[WPA2-EAP-CCMP][ESS]	eduroam
d0:bf:9c:38:cf:4c	2412	-41	[ESS]	HP-Print-4C-ENVY 5530 series
9c:d2:1e:54:b2:73	2437	-68	[ESS]	HP-Print-73-Color LaserJet MFP
d4:a0:2a:4b:95:12	2412	-72	[ESS]	DukeVisitor
54:a2:74:0a:10:82	2437	-69	[ESS]	DukeVisitor
d4:a0:2a:4b:95:10	2412	-71	[ESS]	DukeOpen
d4:a0:2a:48:44:c0	2412	-76	[ESS]	DukeOpen
d4:a0:2a:48:44:c2	2412	-77	[ESS]	DukeVisitor
54:a2:74:0a:10:80	2437	-70	[ESS]	DukeOpen
d8:5d:e2:70:2c:ab	2437	-76	[ESS]	NB128
c4:0a:cb:a4:c7:32	2437	-83	[ESS]	DukeVisitor
00:42:68:c1:82:03	2437	-86	[WPA2-EAP-CCMP][ESS]	Dukeblue
c4:0a:cb:a4:c7:30	2437	-89	[ESS]	DukeOpen
00:42:68:c1:82:02	2437	-93	[ESS]	DukeVisitor
00:42:68:c1:82:00	2437	-86	[ESS]	DukeOpen
c4:0a:cb:a4:cc:63	2437	-88	[WPA2-EAP-CCMP][ESS]	Dukeblue
14:91:82:f0:1f:82	2457	-94	[WPA2-PSK-CCMP][WPS][ESS]	HAL-vicon
c4:0a:cb:24:44:70	2437	-86	[ESS]	DukeOpen
c4:0a:cb:24:44:72	2437	-84	[ESS]	DukeVisitor
00:18:4d:d1:72:40	2462	-94	[ESS]	NETGEAR
END ITERATION 72
ITERATION 73
Sun 15 Oct 19:38:42 EDT 2017
d4:a0:2a:4b:95:13	2412	-72	[WPA2-EAP-CCMP][ESS]	Dukeblue
d4:a0:2a:4b:95:11	2412	-76	[WPA2-EAP-CCMP][ESS]	eduroam
54:a2:74:0a:10:81	2437	-69	[WPA2-EAP-CCMP][ESS]	eduroam
54:a2:74:0a:10:83	2437	-67	[WPA2-EAP-CCMP][ESS]	Dukeblue
d4:a0:2a:48:44:c1	2412	-77	[WPA2-EAP-CCMP][ESS]	eduroam
d4:a0:2a:48:44:c3	2412	-78	[WPA2-EAP-CCMP][ESS]	Dukeblue
c4:0a:cb:a4:c7:31	2437	-89	[WPA2-EAP-CCMP][ESS]	eduroam
c4:0a:cb:24:44:71	2437	-84	[WPA2-EAP-CCMP][ESS]	eduroam
42:49:0f:21:36:b2	2437	-80	[WPA2-PSK-CCMP][WPS][ESS][P2P]	DIRECT-b2-HP M452 LaserJet
c4:0a:cb:a4:c7:33	2437	-87	[WPA2-EAP-CCMP][ESS]	Dukeblue
14:cc:20:53:d0:30	2452	-88	[WPA2-PSK-CCMP][WPS][ESS]	BLDS
f4:f2:6d:6f:d3:7b	2412	-88	[WPA-PSK-CCMP][WPA2-PSK-CCMP][WPS][ESS]	TP-LINK_D37B
00:42:68:c1:82:01	2437	-87	[WPA2-EAP-CCMP][ESS]	eduroam
d0:bf:9c:38:cf:4c	2412	-41	[ESS]	HP-Print-4C-ENVY 5530 series
9c:d2:1e:54:b2:73	2437	-68	[ESS]	HP-Print-73-Color LaserJet MFP
d4:a0:2a:4b:95:12	2412	-72	[ESS]	DukeVisitor
54:a2:74:0a:10:82	2437	-69	[ESS]	DukeVisitor
d4:a0:2a:4b:95:10	2412	-71	[ESS]	DukeOpen
d4:a0:2a:48:44:c0	2412	-76	[ESS]	DukeOpen
d4:a0:2a:48:44:c2	2412	-77	[ESS]	DukeVisitor
54:a2:74:0a:10:80	2437	-70	[ESS]	DukeOpen
d8:5d:e2:70:2c:ab	2437	-76	[ESS]	NB128
c4:0a:cb:a4:c7:32	2437	-83	[ESS]	DukeVisitor
00:42:68:c1:82:03	2437	-86	[WPA2-EAP-CCMP][ESS]	Dukeblue
c4:0a:cb:a4:c7:30	2437	-89	[ESS]	DukeOpen
00:42:68:c1:82:02	2437	-93	[ESS]	DukeVisitor
00:42:68:c1:82:00	2437	-86	[ESS]	DukeOpen
c4:0a:cb:a4:cc:63	2437	-88	[WPA2-EAP-CCMP][ESS]	Dukeblue
14:91:82:f0:1f:82	2457	-94	[WPA2-PSK-CCMP][WPS][ESS]	HAL-vicon
c4:0a:cb:24:44:70	2437	-86	[ESS]	DukeOpen
c4:0a:cb:24:44:72	2437	-84	[ESS]	DukeVisitor
00:18:4d:d1:72:40	2462	-94	[ESS]	NETGEAR
END ITERATION 73
ITERATION 74
Sun 15 Oct 19:38:47 EDT 2017
d4:a0:2a:4b:95:13	2412	-72	[WPA2-EAP-CCMP][ESS]	Dukeblue
d4:a0:2a:4b:95:11	2412	-76	[WPA2-EAP-CCMP][ESS]	eduroam
54:a2:74:0a:10:81	2437	-69	[WPA2-EAP-CCMP][ESS]	eduroam
54:a2:74:0a:10:83	2437	-67	[WPA2-EAP-CCMP][ESS]	Dukeblue
d4:a0:2a:48:44:c1	2412	-77	[WPA2-EAP-CCMP][ESS]	eduroam
d4:a0:2a:48:44:c3	2412	-78	[WPA2-EAP-CCMP][ESS]	Dukeblue
c4:0a:cb:a4:c7:31	2437	-89	[WPA2-EAP-CCMP][ESS]	eduroam
c4:0a:cb:24:44:71	2437	-84	[WPA2-EAP-CCMP][ESS]	eduroam
42:49:0f:21:36:b2	2437	-80	[WPA2-PSK-CCMP][WPS][ESS][P2P]	DIRECT-b2-HP M452 LaserJet
c4:0a:cb:a4:c7:33	2437	-87	[WPA2-EAP-CCMP][ESS]	Dukeblue
14:cc:20:53:d0:30	2452	-88	[WPA2-PSK-CCMP][WPS][ESS]	BLDS
f4:f2:6d:6f:d3:7b	2412	-88	[WPA-PSK-CCMP][WPA2-PSK-CCMP][WPS][ESS]	TP-LINK_D37B
00:42:68:c1:82:01	2437	-87	[WPA2-EAP-CCMP][ESS]	eduroam
d0:bf:9c:38:cf:4c	2412	-41	[ESS]	HP-Print-4C-ENVY 5530 series
9c:d2:1e:54:b2:73	2437	-68	[ESS]	HP-Print-73-Color LaserJet MFP
d4:a0:2a:4b:95:12	2412	-72	[ESS]	DukeVisitor
54:a2:74:0a:10:82	2437	-69	[ESS]	DukeVisitor
d4:a0:2a:4b:95:10	2412	-71	[ESS]	DukeOpen
d4:a0:2a:48:44:c0	2412	-76	[ESS]	DukeOpen
d4:a0:2a:48:44:c2	2412	-77	[ESS]	DukeVisitor
54:a2:74:0a:10:80	2437	-70	[ESS]	DukeOpen
d8:5d:e2:70:2c:ab	2437	-76	[ESS]	NB128
c4:0a:cb:a4:c7:32	2437	-83	[ESS]	DukeVisitor
00:42:68:c1:82:03	2437	-86	[WPA2-EAP-CCMP][ESS]	Dukeblue
c4:0a:cb:a4:c7:30	2437	-89	[ESS]	DukeOpen
00:42:68:c1:82:02	2437	-93	[ESS]	DukeVisitor
00:42:68:c1:82:00	2437	-86	[ESS]	DukeOpen
c4:0a:cb:a4:cc:63	2437	-88	[WPA2-EAP-CCMP][ESS]	Dukeblue
14:91:82:f0:1f:82	2457	-94	[WPA2-PSK-CCMP][WPS][ESS]	HAL-vicon
c4:0a:cb:24:44:70	2437	-86	[ESS]	DukeOpen
c4:0a:cb:24:44:72	2437	-84	[ESS]	DukeVisitor
00:18:4d:d1:72:40	2462	-94	[ESS]	NETGEAR
END ITERATION 74
ITERATION 75
Sun 15 Oct 19:38:52 EDT 2017
d4:a0:2a:4b:95:13	2412	-72	[WPA2-EAP-CCMP][ESS]	Dukeblue
d4:a0:2a:4b:95:11	2412	-76	[WPA2-EAP-CCMP][ESS]	eduroam
54:a2:74:0a:10:81	2437	-69	[WPA2-EAP-CCMP][ESS]	eduroam
54:a2:74:0a:10:83	2437	-67	[WPA2-EAP-CCMP][ESS]	Dukeblue
d4:a0:2a:48:44:c1	2412	-77	[WPA2-EAP-CCMP][ESS]	eduroam
d4:a0:2a:48:44:c3	2412	-78	[WPA2-EAP-CCMP][ESS]	Dukeblue
c4:0a:cb:a4:c7:31	2437	-89	[WPA2-EAP-CCMP][ESS]	eduroam
c4:0a:cb:24:44:71	2437	-84	[WPA2-EAP-CCMP][ESS]	eduroam
42:49:0f:21:36:b2	2437	-80	[WPA2-PSK-CCMP][WPS][ESS][P2P]	DIRECT-b2-HP M452 LaserJet
c4:0a:cb:a4:c7:33	2437	-87	[WPA2-EAP-CCMP][ESS]	Dukeblue
14:cc:20:53:d0:30	2452	-88	[WPA2-PSK-CCMP][WPS][ESS]	BLDS
f4:f2:6d:6f:d3:7b	2412	-88	[WPA-PSK-CCMP][WPA2-PSK-CCMP][WPS][ESS]	TP-LINK_D37B
00:42:68:c1:82:01	2437	-87	[WPA2-EAP-CCMP][ESS]	eduroam
d0:bf:9c:38:cf:4c	2412	-41	[ESS]	HP-Print-4C-ENVY 5530 series
9c:d2:1e:54:b2:73	2437	-68	[ESS]	HP-Print-73-Color LaserJet MFP
d4:a0:2a:4b:95:12	2412	-72	[ESS]	DukeVisitor
54:a2:74:0a:10:82	2437	-69	[ESS]	DukeVisitor
d4:a0:2a:4b:95:10	2412	-71	[ESS]	DukeOpen
d4:a0:2a:48:44:c0	2412	-76	[ESS]	DukeOpen
d4:a0:2a:48:44:c2	2412	-77	[ESS]	DukeVisitor
54:a2:74:0a:10:80	2437	-70	[ESS]	DukeOpen
d8:5d:e2:70:2c:ab	2437	-76	[ESS]	NB128
c4:0a:cb:a4:c7:32	2437	-83	[ESS]	DukeVisitor
00:42:68:c1:82:03	2437	-86	[WPA2-EAP-CCMP][ESS]	Dukeblue
c4:0a:cb:a4:c7:30	2437	-89	[ESS]	DukeOpen
00:42:68:c1:82:02	2437	-93	[ESS]	DukeVisitor
00:42:68:c1:82:00	2437	-86	[ESS]	DukeOpen
c4:0a:cb:a4:cc:63	2437	-88	[WPA2-EAP-CCMP][ESS]	Dukeblue
14:91:82:f0:1f:82	2457	-94	[WPA2-PSK-CCMP][WPS][ESS]	HAL-vicon
c4:0a:cb:24:44:70	2437	-86	[ESS]	DukeOpen
c4:0a:cb:24:44:72	2437	-84	[ESS]	DukeVisitor
00:18:4d:d1:72:40	2462	-94	[ESS]	NETGEAR
END ITERATION 75
ITERATION 76
Sun 15 Oct 19:38:57 EDT 2017
d4:a0:2a:4b:95:13	2412	-72	[WPA2-EAP-CCMP][ESS]	Dukeblue
d4:a0:2a:4b:95:11	2412	-76	[WPA2-EAP-CCMP][ESS]	eduroam
54:a2:74:0a:10:81	2437	-69	[WPA2-EAP-CCMP][ESS]	eduroam
54:a2:74:0a:10:83	2437	-67	[WPA2-EAP-CCMP][ESS]	Dukeblue
d4:a0:2a:48:44:c1	2412	-77	[WPA2-EAP-CCMP][ESS]	eduroam
d4:a0:2a:48:44:c3	2412	-78	[WPA2-EAP-CCMP][ESS]	Dukeblue
c4:0a:cb:a4:c7:31	2437	-89	[WPA2-EAP-CCMP][ESS]	eduroam
c4:0a:cb:24:44:71	2437	-84	[WPA2-EAP-CCMP][ESS]	eduroam
42:49:0f:21:36:b2	2437	-80	[WPA2-PSK-CCMP][WPS][ESS][P2P]	DIRECT-b2-HP M452 LaserJet
c4:0a:cb:a4:c7:33	2437	-87	[WPA2-EAP-CCMP][ESS]	Dukeblue
14:cc:20:53:d0:30	2452	-88	[WPA2-PSK-CCMP][WPS][ESS]	BLDS
f4:f2:6d:6f:d3:7b	2412	-88	[WPA-PSK-CCMP][WPA2-PSK-CCMP][WPS][ESS]	TP-LINK_D37B
00:42:68:c1:82:01	2437	-87	[WPA2-EAP-CCMP][ESS]	eduroam
d0:bf:9c:38:cf:4c	2412	-41	[ESS]	HP-Print-4C-ENVY 5530 series
9c:d2:1e:54:b2:73	2437	-68	[ESS]	HP-Print-73-Color LaserJet MFP
d4:a0:2a:4b:95:12	2412	-72	[ESS]	DukeVisitor
54:a2:74:0a:10:82	2437	-69	[ESS]	DukeVisitor
d4:a0:2a:4b:95:10	2412	-71	[ESS]	DukeOpen
d4:a0:2a:48:44:c0	2412	-76	[ESS]	DukeOpen
d4:a0:2a:48:44:c2	2412	-77	[ESS]	DukeVisitor
54:a2:74:0a:10:80	2437	-70	[ESS]	DukeOpen
d8:5d:e2:70:2c:ab	2437	-76	[ESS]	NB128
c4:0a:cb:a4:c7:32	2437	-83	[ESS]	DukeVisitor
00:42:68:c1:82:03	2437	-86	[WPA2-EAP-CCMP][ESS]	Dukeblue
c4:0a:cb:a4:c7:30	2437	-89	[ESS]	DukeOpen
00:42:68:c1:82:02	2437	-93	[ESS]	DukeVisitor
00:42:68:c1:82:00	2437	-86	[ESS]	DukeOpen
c4:0a:cb:a4:cc:63	2437	-88	[WPA2-EAP-CCMP][ESS]	Dukeblue
14:91:82:f0:1f:82	2457	-94	[WPA2-PSK-CCMP][WPS][ESS]	HAL-vicon
c4:0a:cb:24:44:70	2437	-86	[ESS]	DukeOpen
c4:0a:cb:24:44:72	2437	-84	[ESS]	DukeVisitor
00:18:4d:d1:72:40	2462	-94	[ESS]	NETGEAR
END ITERATION 76
ITERATION 77
Sun 15 Oct 19:39:02 EDT 2017
d4:a0:2a:4b:95:13	2412	-72	[WPA2-EAP-CCMP][ESS]	Dukeblue
d4:a0:2a:4b:95:11	2412	-76	[WPA2-EAP-CCMP][ESS]	eduroam
54:a2:74:0a:10:81	2437	-69	[WPA2-EAP-CCMP][ESS]	eduroam
54:a2:74:0a:10:83	2437	-67	[WPA2-EAP-CCMP][ESS]	Dukeblue
d4:a0:2a:48:44:c1	2412	-77	[WPA2-EAP-CCMP][ESS]	eduroam
d4:a0:2a:48:44:c3	2412	-78	[WPA2-EAP-CCMP][ESS]	Dukeblue
c4:0a:cb:a4:c7:31	2437	-89	[WPA2-EAP-CCMP][ESS]	eduroam
c4:0a:cb:24:44:71	2437	-84	[WPA2-EAP-CCMP][ESS]	eduroam
42:49:0f:21:36:b2	2437	-80	[WPA2-PSK-CCMP][WPS][ESS][P2P]	DIRECT-b2-HP M452 LaserJet
c4:0a:cb:a4:c7:33	2437	-87	[WPA2-EAP-CCMP][ESS]	Dukeblue
14:cc:20:53:d0:30	2452	-88	[WPA2-PSK-CCMP][WPS][ESS]	BLDS
f4:f2:6d:6f:d3:7b	2412	-88	[WPA-PSK-CCMP][WPA2-PSK-CCMP][WPS][ESS]	TP-LINK_D37B
00:42:68:c1:82:01	2437	-87	[WPA2-EAP-CCMP][ESS]	eduroam
d0:bf:9c:38:cf:4c	2412	-41	[ESS]	HP-Print-4C-ENVY 5530 series
9c:d2:1e:54:b2:73	2437	-68	[ESS]	HP-Print-73-Color LaserJet MFP
d4:a0:2a:4b:95:12	2412	-72	[ESS]	DukeVisitor
54:a2:74:0a:10:82	2437	-69	[ESS]	DukeVisitor
d4:a0:2a:4b:95:10	2412	-71	[ESS]	DukeOpen
d4:a0:2a:48:44:c0	2412	-76	[ESS]	DukeOpen
d4:a0:2a:48:44:c2	2412	-77	[ESS]	DukeVisitor
54:a2:74:0a:10:80	2437	-70	[ESS]	DukeOpen
d8:5d:e2:70:2c:ab	2437	-76	[ESS]	NB128
c4:0a:cb:a4:c7:32	2437	-83	[ESS]	DukeVisitor
00:42:68:c1:82:03	2437	-86	[WPA2-EAP-CCMP][ESS]	Dukeblue
c4:0a:cb:a4:c7:30	2437	-89	[ESS]	DukeOpen
00:42:68:c1:82:02	2437	-93	[ESS]	DukeVisitor
00:42:68:c1:82:00	2437	-86	[ESS]	DukeOpen
c4:0a:cb:a4:cc:63	2437	-88	[WPA2-EAP-CCMP][ESS]	Dukeblue
14:91:82:f0:1f:82	2457	-94	[WPA2-PSK-CCMP][WPS][ESS]	HAL-vicon
c4:0a:cb:24:44:70	2437	-86	[ESS]	DukeOpen
c4:0a:cb:24:44:72	2437	-84	[ESS]	DukeVisitor
00:18:4d:d1:72:40	2462	-94	[ESS]	NETGEAR
END ITERATION 77
